Warning: ignoring unsupported tag `ALLOW_UNICODE_NAMES    =' at line 80, file /home/travis/build/hypro/hypro/doc/Doxygen.in
Warning: Tag `CLANG_ASSISTED_PARSING' at line 992 of file /home/travis/build/hypro/hypro/doc/Doxygen.in belongs to an option that was not enabled at compile time.
To avoid this warning please remove this line from your configuration file, upgrade it using "doxygen -u", or recompile doxygen with this feature enabled.
Warning: Tag `CLANG_OPTIONS' at line 1000 of file /home/travis/build/hypro/hypro/doc/Doxygen.in belongs to an option that was not enabled at compile time.
To avoid this warning please remove this line from your configuration file, upgrade it using "doxygen -u", or recompile doxygen with this feature enabled.
Warning: ignoring unsupported tag `MAN_SUBDIR             =' at line 1807, file /home/travis/build/hypro/hypro/doc/Doxygen.in
Warning: ignoring unsupported tag `DOCBOOK_PROGRAMLISTING =' at line 1870, file /home/travis/build/hypro/hypro/doc/Doxygen.in
Warning: ignoring unsupported tag `PLANTUML_JAR_PATH      =' at line 2295, file /home/travis/build/hypro/hypro/doc/Doxygen.in
Warning: tag INPUT: input source `/home/travis/build/hypro/hypro/src/lib' does not exist
warning: source @CMAKE_CURRENT_SOURCE_DIR@/../examples is not a readable file or directory... skipping.
warning: source /home/travis/build/hypro/hypro/src/lib is not a readable file or directory... skipping.
error: Project logo '@TRAVIS_BUILD_DIR/doc/hypro_Logo.png' specified by PROJECT_LOGO does not exist!
Searching for include files...
Searching for example files...
Searching for images...
Searching for dot files...
Searching for msc files...
Searching for dia files...
Searching for files to exclude
Searching for files to process...
Reading and parsing tag files
Parsing files
Preprocessing /home/travis/build/hypro/hypro/doc/mainpage.dox...
Parsing file /home/travis/build/hypro/hypro/doc/mainpage.dox...
Building group list...
Building directory list...
Building namespace list...
Building file list...
Building class list...
Associating documentation with classes...
Computing nesting relations for classes...
Building example list...
Searching for enumerations...
Searching for documented typedefs...
Searching for members imported via using declarations...
Searching for included using directives...
Searching for documented variables...
Building interface member list...
Building member list...
Searching for friends...
Searching for documented defines...
Computing class inheritance relations...
Computing class usage relations...
Flushing cached template relations that have become invalid...
Creating members for template instances...
Computing class relations...
Add enum values to enums...
Searching for member function documentation...
Building page list...
Search for main page...
Computing page relations...
Determining the scope of groups...
Sorting lists...
Freeing entry tree
Determining which enums are documented
Computing member relations...
Building full member lists recursively...
Adding members to member groups.
Distributing member group documentation.
Computing member references...
Inheriting documentation...
Generating disk names...
Adding source references...
Adding xrefitems...
Sorting member lists...
Computing dependencies between directories...
Generating citations page...
Counting data structures...
Resolving user defined references...
Finding anchors and sections in the documentation...
Transferring function references...
Combining using relations...
Adding members to index pages...
Generating style sheet...
Generating search indices...
Generating example documentation...
Generating file sources...
Parsing code for file /home/travis/build/hypro/hypro/doc/mainpage.dox...
Generating file documentation...
Generating page documentation...
Generating group documentation...
Generating class documentation...
Generating namespace index...
Generating graph info page...
Generating directory documentation...
Generating index page...
Generating page index...
Generating module index...
Generating namespace index...
Generating namespace member index...
Generating annotated compound index...
Generating alphabetical compound index...
Generating hierarchical class index...
Generating graphical class hierarchy...
Generating member index...
Generating file index...
Generating file member index...
Generating example index...
finalizing index lists...
Running dot...
Running dot for graph 1/1
lookup cache used 0/65536 hits=0 misses=0
finished...
