140737353852736 DEBUG hypro.datastructures.hiv HierarchicalIntervalVector.tpp:19   insertInterval(): Insert interval [0, 10] of type F into: (10,B), 
140737353852736 DEBUG hypro.datastructures.hiv HierarchicalIntervalVector.tpp:63   insertInterval(): After insertion: (10,F), 
140737353852736 DEBUG hypro.datastructures.hiv HierarchicalIntervalVector.tpp:128  hasEntry(): hasEntry: [0, 3], type P
140737353852736 DEBUG hypro.datastructures.hiv HierarchicalIntervalVector.tpp:203  getIntersectionIntervals(): In: [0, 3], type P, this: (10,F), 
140737353852736 DEBUG hypro.datastructures.hiv HierarchicalIntervalVector.tpp:240  getIntersectionIntervals(): Found 0 intersecting intervals.
140737353852736 DEBUG hypro.datastructures.hiv HierarchicalIntervalVector.tpp:128  hasEntry(): hasEntry: [0, 3], type F
140737353852736 DEBUG hypro.datastructures.hiv HierarchicalIntervalVector.tpp:203  getIntersectionIntervals(): In: [0, 3], type F, this: (10,F), 
140737353852736 DEBUG hypro.datastructures.hiv HierarchicalIntervalVector.tpp:217  getIntersectionIntervals(): Types match (first interval) - return true.
140737353852736 DEBUG hypro.datastructures.hiv HierarchicalIntervalVector.tpp:240  getIntersectionIntervals(): Found 1 intersecting intervals.
140737353852736 DEBUG hypro.datastructures.etc                  ETC_util.h:82   positiveCover(): In-interval: [0, 3]
140737353852736 DEBUG hypro.datastructures.etc                ETC_util.cpp:6    getEnabledTimings(): In: (10,F), 
140737353852736 DEBUG hypro.datastructures.etc                ETC_util.cpp:31   getEnabledTimings(): Return 1 intervals.
140737353852736 DEBUG hypro.datastructures.etc                  ETC_util.h:87   positiveCover(): Obtained enabled interval: [0, 10]
140737353852736 DEBUG hypro.datastructures.hiv HierarchicalIntervalVector.tpp:19   insertInterval(): Insert interval [1, 2] of type Y into: (10,B), 
140737353852736 DEBUG hypro.datastructures.hiv HierarchicalIntervalVector.tpp:63   insertInterval(): After insertion: (1,B), (2,Y), (10,B), 
140737353852736 DEBUG hypro.datastructures.hiv HierarchicalIntervalVector.tpp:19   insertInterval(): Insert interval [1, 10] of type F into: (10,B), 
140737353852736 DEBUG hypro.datastructures.hiv HierarchicalIntervalVector.tpp:63   insertInterval(): After insertion: (1,B), (10,F), 
140737353852736 DEBUG hypro.datastructures.etc                  ETC_util.h:82   positiveCover(): In-interval: [0, 3]
140737353852736 DEBUG hypro.datastructures.etc                ETC_util.cpp:6    getEnabledTimings(): In: (10,F), 
140737353852736 DEBUG hypro.datastructures.etc                ETC_util.cpp:31   getEnabledTimings(): Return 1 intervals.
140737353852736 DEBUG hypro.datastructures.etc                  ETC_util.h:87   positiveCover(): Obtained enabled interval: [0, 10]
140737353852736 DEBUG hypro.datastructures.etc                  ETC_util.h:82   positiveCover(): In-interval: [1, 2]
140737353852736 DEBUG hypro.datastructures.etc                ETC_util.cpp:6    getEnabledTimings(): In: (1,B), (2,Y), (10,B), 
140737353852736 DEBUG hypro.datastructures.etc                ETC_util.cpp:31   getEnabledTimings(): Return 1 intervals.
140737353852736 DEBUG hypro.datastructures.etc                  ETC_util.h:87   positiveCover(): Obtained enabled interval: [1, 2]
140737353852736 DEBUG hypro.datastructures.etc                  ETC_util.h:82   positiveCover(): In-interval: [3/2, 5]
140737353852736 DEBUG hypro.datastructures.etc                ETC_util.cpp:6    getEnabledTimings(): In: (1,B), (10,F), 
140737353852736 DEBUG hypro.datastructures.etc                ETC_util.cpp:31   getEnabledTimings(): Return 1 intervals.
140737353852736 DEBUG hypro.datastructures.etc                  ETC_util.h:87   positiveCover(): Obtained enabled interval: [1, 10]
140737353852736 DEBUG hypro.datastructures.hiv HierarchicalIntervalVector.tpp:128  hasEntry(): hasEntry: [0, 3], type P
140737353852736 DEBUG hypro.datastructures.hiv HierarchicalIntervalVector.tpp:203  getIntersectionIntervals(): In: [0, 3], type P, this: (10,F), 
140737353852736 DEBUG hypro.datastructures.hiv HierarchicalIntervalVector.tpp:240  getIntersectionIntervals(): Found 0 intersecting intervals.
140737353852736 DEBUG hypro.datastructures.hiv HierarchicalIntervalVector.tpp:128  hasEntry(): hasEntry: [0, 3], type F
140737353852736 DEBUG hypro.datastructures.hiv HierarchicalIntervalVector.tpp:203  getIntersectionIntervals(): In: [0, 3], type F, this: (10,F), 
140737353852736 DEBUG hypro.datastructures.hiv HierarchicalIntervalVector.tpp:217  getIntersectionIntervals(): Types match (first interval) - return true.
140737353852736 DEBUG hypro.datastructures.hiv HierarchicalIntervalVector.tpp:240  getIntersectionIntervals(): Found 1 intersecting intervals.
140737353852736 DEBUG hypro.datastructures.etc                  ETC_util.h:82   positiveCover(): In-interval: [0, 3]
140737353852736 DEBUG hypro.datastructures.etc                ETC_util.cpp:6    getEnabledTimings(): In: (10,F), 
140737353852736 DEBUG hypro.datastructures.etc                ETC_util.cpp:31   getEnabledTimings(): Return 1 intervals.
140737353852736 DEBUG hypro.datastructures.etc                  ETC_util.h:87   positiveCover(): Obtained enabled interval: [0, 10]
140737353852736 DEBUG hypro.datastructures.hiv HierarchicalIntervalVector.tpp:128  hasEntry(): hasEntry: [3/2, 5], type P
140737353852736 DEBUG hypro.datastructures.hiv HierarchicalIntervalVector.tpp:203  getIntersectionIntervals(): In: [3/2, 5], type P, this: (1,B), (10,F), 
140737353852736 DEBUG hypro.datastructures.hiv HierarchicalIntervalVector.tpp:240  getIntersectionIntervals(): Found 0 intersecting intervals.
140737353852736 DEBUG hypro.datastructures.hiv HierarchicalIntervalVector.tpp:128  hasEntry(): hasEntry: [3/2, 5], type F
140737353852736 DEBUG hypro.datastructures.hiv HierarchicalIntervalVector.tpp:203  getIntersectionIntervals(): In: [3/2, 5], type F, this: (1,B), (10,F), 
140737353852736 DEBUG hypro.datastructures.hiv HierarchicalIntervalVector.tpp:224  getIntersectionIntervals(): Bound and type match - return true.
140737353852736 DEBUG hypro.datastructures.hiv HierarchicalIntervalVector.tpp:240  getIntersectionIntervals(): Found 1 intersecting intervals.
140737353852736 DEBUG hypro.datastructures.etc                  ETC_util.h:82   positiveCover(): In-interval: [3/2, 5]
140737353852736 DEBUG hypro.datastructures.etc                ETC_util.cpp:6    getEnabledTimings(): In: (1,B), (10,F), 
140737353852736 DEBUG hypro.datastructures.etc                ETC_util.cpp:31   getEnabledTimings(): Return 1 intervals.
140737353852736 DEBUG hypro.datastructures.etc                  ETC_util.h:87   positiveCover(): Obtained enabled interval: [1, 10]
140737353852736 DEBUG hypro.datastructures.hiv HierarchicalIntervalVector.tpp:19   insertInterval(): Insert interval [0, 10] of type F into: (10,B), 
140737353852736 DEBUG hypro.datastructures.hiv HierarchicalIntervalVector.tpp:63   insertInterval(): After insertion: (10,F), 
140737353852736 DEBUG hypro.datastructures.hiv HierarchicalIntervalVector.tpp:19   insertInterval(): Insert interval [1, 3] of type F into: (10,B), 
140737353852736 DEBUG hypro.datastructures.hiv HierarchicalIntervalVector.tpp:63   insertInterval(): After insertion: (1,B), (3,F), (10,B), 
140737353852736 DEBUG hypro.datastructures.hiv HierarchicalIntervalVector.tpp:19   insertInterval(): Insert interval [1, 3] of type F into: (10,B), 
140737353852736 DEBUG hypro.datastructures.hiv HierarchicalIntervalVector.tpp:63   insertInterval(): After insertion: (1,B), (3,F), (10,B), 
140737353852736 DEBUG hypro.datastructures.hiv HierarchicalIntervalVector.tpp:19   insertInterval(): Insert interval [2, 5] of type F into: (10,B), 
140737353852736 DEBUG hypro.datastructures.hiv HierarchicalIntervalVector.tpp:63   insertInterval(): After insertion: (2,B), (5,F), (10,B), 
140737353852736 DEBUG hypro.datastructures.hiv HierarchicalIntervalVector.tpp:128  hasEntry(): hasEntry: [0, 3], type P
140737353852736 DEBUG hypro.datastructures.hiv HierarchicalIntervalVector.tpp:203  getIntersectionIntervals(): In: [0, 3], type P, this: (10,F), 
140737353852736 DEBUG hypro.datastructures.hiv HierarchicalIntervalVector.tpp:240  getIntersectionIntervals(): Found 0 intersecting intervals.
140737353852736 DEBUG hypro.datastructures.hiv HierarchicalIntervalVector.tpp:128  hasEntry(): hasEntry: [0, 3], type F
140737353852736 DEBUG hypro.datastructures.hiv HierarchicalIntervalVector.tpp:203  getIntersectionIntervals(): In: [0, 3], type F, this: (10,F), 
140737353852736 DEBUG hypro.datastructures.hiv HierarchicalIntervalVector.tpp:217  getIntersectionIntervals(): Types match (first interval) - return true.
140737353852736 DEBUG hypro.datastructures.hiv HierarchicalIntervalVector.tpp:240  getIntersectionIntervals(): Found 1 intersecting intervals.
140737353852736 DEBUG hypro.datastructures.etc                  ETC_util.h:82   positiveCover(): In-interval: [0, 3]
140737353852736 DEBUG hypro.datastructures.etc                ETC_util.cpp:6    getEnabledTimings(): In: (10,F), 
140737353852736 DEBUG hypro.datastructures.etc                ETC_util.cpp:31   getEnabledTimings(): Return 1 intervals.
140737353852736 DEBUG hypro.datastructures.etc                  ETC_util.h:87   positiveCover(): Obtained enabled interval: [0, 10]
140737353852736 DEBUG hypro.datastructures.hiv HierarchicalIntervalVector.tpp:128  hasEntry(): hasEntry: [3/2, 5], type P
140737353852736 DEBUG hypro.datastructures.hiv HierarchicalIntervalVector.tpp:203  getIntersectionIntervals(): In: [3/2, 5], type P, this: (1,B), (3,F), (10,B), 
140737353852736 DEBUG hypro.datastructures.hiv HierarchicalIntervalVector.tpp:240  getIntersectionIntervals(): Found 0 intersecting intervals.
140737353852736 DEBUG hypro.datastructures.hiv HierarchicalIntervalVector.tpp:128  hasEntry(): hasEntry: [3/2, 5], type F
140737353852736 DEBUG hypro.datastructures.hiv HierarchicalIntervalVector.tpp:203  getIntersectionIntervals(): In: [3/2, 5], type F, this: (1,B), (3,F), (10,B), 
140737353852736 DEBUG hypro.datastructures.hiv HierarchicalIntervalVector.tpp:224  getIntersectionIntervals(): Bound and type match - return true.
140737353852736 DEBUG hypro.datastructures.hiv HierarchicalIntervalVector.tpp:240  getIntersectionIntervals(): Found 1 intersecting intervals.
140737353852736 DEBUG hypro.datastructures.hiv HierarchicalIntervalVector.tpp:128  hasEntry(): hasEntry: [3/2, 5], type P
140737353852736 DEBUG hypro.datastructures.hiv HierarchicalIntervalVector.tpp:203  getIntersectionIntervals(): In: [3/2, 5], type P, this: (2,B), (5,F), (10,B), 
140737353852736 DEBUG hypro.datastructures.hiv HierarchicalIntervalVector.tpp:240  getIntersectionIntervals(): Found 0 intersecting intervals.
140737353852736 DEBUG hypro.datastructures.hiv HierarchicalIntervalVector.tpp:128  hasEntry(): hasEntry: [3/2, 5], type F
140737353852736 DEBUG hypro.datastructures.hiv HierarchicalIntervalVector.tpp:203  getIntersectionIntervals(): In: [3/2, 5], type F, this: (2,B), (5,F), (10,B), 
140737353852736 DEBUG hypro.datastructures.hiv HierarchicalIntervalVector.tpp:224  getIntersectionIntervals(): Bound and type match - return true.
140737353852736 DEBUG hypro.datastructures.hiv HierarchicalIntervalVector.tpp:240  getIntersectionIntervals(): Found 1 intersecting intervals.
140737353852736 DEBUG hypro.datastructures.hiv HierarchicalIntervalVector.tpp:19   insertInterval(): Insert interval [0, 2] of type B into: (1,B), (3,F), (10,B), 
140737353852736 DEBUG hypro.datastructures.hiv HierarchicalIntervalVector.tpp:63   insertInterval(): After insertion: (1,B), (3,F), (10,B), 
140737353852736 DEBUG hypro.datastructures.hiv HierarchicalIntervalVector.tpp:19   insertInterval(): Insert interval [2, 5] of type F into: (1,B), (3,F), (10,B), 
140737353852736 DEBUG hypro.datastructures.hiv HierarchicalIntervalVector.tpp:63   insertInterval(): After insertion: (1,B), (5,F), (10,B), 
140737353852736 DEBUG hypro.datastructures.hiv HierarchicalIntervalVector.tpp:19   insertInterval(): Insert interval [5, 10] of type B into: (1,B), (5,F), (10,B), 
140737353852736 DEBUG hypro.datastructures.hiv HierarchicalIntervalVector.tpp:63   insertInterval(): After insertion: (1,B), (5,F), (10,B), 
140737353852736 DEBUG hypro.datastructures.etc                  ETC_util.h:82   positiveCover(): In-interval: [3/2, 5]
140737353852736 DEBUG hypro.datastructures.etc                ETC_util.cpp:6    getEnabledTimings(): In: (1,B), (5,F), (10,B), 
140737353852736 DEBUG hypro.datastructures.etc                ETC_util.cpp:31   getEnabledTimings(): Return 1 intervals.
140737353852736 DEBUG hypro.datastructures.etc                  ETC_util.h:87   positiveCover(): Obtained enabled interval: [1, 5]
140737353852736 DEBUG hypro.datastructures.hiv HierarchicalIntervalVector.tpp:19   insertInterval(): Insert interval [0, 2] of type B into: (1,B), (3,F), (10,B), 
140737353852736 DEBUG hypro.datastructures.hiv HierarchicalIntervalVector.tpp:63   insertInterval(): After insertion: (2,B), (3,F), (10,B), 
140737353852736 DEBUG hypro.datastructures.hiv HierarchicalIntervalVector.tpp:19   insertInterval(): Insert interval [2, 5] of type F into: (2,B), (3,F), (10,B), 
140737353852736 DEBUG hypro.datastructures.hiv HierarchicalIntervalVector.tpp:63   insertInterval(): After insertion: (2,B), (3,F), (10,B), 
140737353852736 DEBUG hypro.datastructures.hiv HierarchicalIntervalVector.tpp:19   insertInterval(): Insert interval [5, 10] of type B into: (2,B), (3,F), (10,B), 
140737353852736 DEBUG hypro.datastructures.hiv HierarchicalIntervalVector.tpp:63   insertInterval(): After insertion: (2,B), (3,F), (10,B), 
140737353852736 DEBUG hypro.datastructures.hiv HierarchicalIntervalVector.tpp:19   insertInterval(): Insert interval [0, 10] of type B into: (10,B), 
140737353852736 DEBUG hypro.datastructures.hiv HierarchicalIntervalVector.tpp:63   insertInterval(): After insertion: (10,B), 
140737353852736 DEBUG hypro.datastructures.hiv HierarchicalIntervalVector.tpp:128  hasEntry(): hasEntry: [1, 5], type P
140737353852736 DEBUG hypro.datastructures.hiv HierarchicalIntervalVector.tpp:203  getIntersectionIntervals(): In: [1, 5], type P, this: (2,B), (3,F), (10,B), 
140737353852736 DEBUG hypro.datastructures.hiv HierarchicalIntervalVector.tpp:240  getIntersectionIntervals(): Found 0 intersecting intervals.
140737353852736 DEBUG hypro.datastructures.hiv HierarchicalIntervalVector.tpp:128  hasEntry(): hasEntry: [1, 5], type F
140737353852736 DEBUG hypro.datastructures.hiv HierarchicalIntervalVector.tpp:203  getIntersectionIntervals(): In: [1, 5], type F, this: (2,B), (3,F), (10,B), 
140737353852736 DEBUG hypro.datastructures.hiv HierarchicalIntervalVector.tpp:224  getIntersectionIntervals(): Bound and type match - return true.
140737353852736 DEBUG hypro.datastructures.hiv HierarchicalIntervalVector.tpp:240  getIntersectionIntervals(): Found 1 intersecting intervals.
140737353852736 DEBUG hypro.datastructures.hiv HierarchicalIntervalVector.tpp:19   insertInterval(): Insert interval [0, 10] of type F into: (10,B), 
140737353852736 DEBUG hypro.datastructures.hiv HierarchicalIntervalVector.tpp:63   insertInterval(): After insertion: (10,F), 
140737353852736 DEBUG hypro.datastructures.hiv HierarchicalIntervalVector.tpp:19   insertInterval(): Insert interval [1, 4] of type Y into: (10,B), 
140737353852736 DEBUG hypro.datastructures.hiv HierarchicalIntervalVector.tpp:63   insertInterval(): After insertion: (1,B), (4,Y), (10,B), 
140737353852736 DEBUG hypro.datastructures.hiv HierarchicalIntervalVector.tpp:19   insertInterval(): Insert interval [1, 3] of type Y into: (10,B), 
140737353852736 DEBUG hypro.datastructures.hiv HierarchicalIntervalVector.tpp:63   insertInterval(): After insertion: (1,B), (3,Y), (10,B), 
140737353852736 DEBUG hypro.datastructures.hiv HierarchicalIntervalVector.tpp:19   insertInterval(): Insert interval [1, 3] of type F into: (10,B), 
140737353852736 DEBUG hypro.datastructures.hiv HierarchicalIntervalVector.tpp:63   insertInterval(): After insertion: (1,B), (3,F), (10,B), 
140737353852736 DEBUG hypro.datastructures.hiv HierarchicalIntervalVector.tpp:19   insertInterval(): Insert interval [1, 3] of type F into: (10,B), 
140737353852736 DEBUG hypro.datastructures.hiv HierarchicalIntervalVector.tpp:63   insertInterval(): After insertion: (1,B), (3,F), (10,B), 
140737353852736 DEBUG hypro.datastructures.hiv HierarchicalIntervalVector.tpp:128  hasEntry(): hasEntry: [0, 3], type P
140737353852736 DEBUG hypro.datastructures.hiv HierarchicalIntervalVector.tpp:203  getIntersectionIntervals(): In: [0, 3], type P, this: (10,F), 
140737353852736 DEBUG hypro.datastructures.hiv HierarchicalIntervalVector.tpp:240  getIntersectionIntervals(): Found 0 intersecting intervals.
140737353852736 DEBUG hypro.datastructures.hiv HierarchicalIntervalVector.tpp:128  hasEntry(): hasEntry: [0, 3], type F
140737353852736 DEBUG hypro.datastructures.hiv HierarchicalIntervalVector.tpp:203  getIntersectionIntervals(): In: [0, 3], type F, this: (10,F), 
140737353852736 DEBUG hypro.datastructures.hiv HierarchicalIntervalVector.tpp:217  getIntersectionIntervals(): Types match (first interval) - return true.
140737353852736 DEBUG hypro.datastructures.hiv HierarchicalIntervalVector.tpp:240  getIntersectionIntervals(): Found 1 intersecting intervals.
140737353852736 DEBUG hypro.datastructures.etc                  ETC_util.h:82   positiveCover(): In-interval: [0, 3]
140737353852736 DEBUG hypro.datastructures.etc                ETC_util.cpp:6    getEnabledTimings(): In: (10,F), 
140737353852736 DEBUG hypro.datastructures.etc                ETC_util.cpp:31   getEnabledTimings(): Return 1 intervals.
140737353852736 DEBUG hypro.datastructures.etc                  ETC_util.h:87   positiveCover(): Obtained enabled interval: [0, 10]
140737353852736 DEBUG hypro.datastructures.hiv HierarchicalIntervalVector.tpp:128  hasEntry(): hasEntry: [1, 5], type P
140737353852736 DEBUG hypro.datastructures.hiv HierarchicalIntervalVector.tpp:203  getIntersectionIntervals(): In: [1, 5], type P, this: (1,B), (3,F), (10,B), 
140737353852736 DEBUG hypro.datastructures.hiv HierarchicalIntervalVector.tpp:240  getIntersectionIntervals(): Found 0 intersecting intervals.
140737353852736 DEBUG hypro.datastructures.hiv HierarchicalIntervalVector.tpp:128  hasEntry(): hasEntry: [1, 5], type F
140737353852736 DEBUG hypro.datastructures.hiv HierarchicalIntervalVector.tpp:203  getIntersectionIntervals(): In: [1, 5], type F, this: (1,B), (3,F), (10,B), 
140737353852736 DEBUG hypro.datastructures.hiv HierarchicalIntervalVector.tpp:224  getIntersectionIntervals(): Bound and type match - return true.
140737353852736 DEBUG hypro.datastructures.hiv HierarchicalIntervalVector.tpp:240  getIntersectionIntervals(): Found 1 intersecting intervals.
140737353852736 DEBUG hypro.datastructures.hiv HierarchicalIntervalVector.tpp:128  hasEntry(): hasEntry: [1, 5], type P
140737353852736 DEBUG hypro.datastructures.hiv HierarchicalIntervalVector.tpp:203  getIntersectionIntervals(): In: [1, 5], type P, this: (1,B), (3,F), (10,B), 
140737353852736 DEBUG hypro.datastructures.hiv HierarchicalIntervalVector.tpp:240  getIntersectionIntervals(): Found 0 intersecting intervals.
140737353852736 DEBUG hypro.datastructures.hiv HierarchicalIntervalVector.tpp:128  hasEntry(): hasEntry: [1, 5], type F
140737353852736 DEBUG hypro.datastructures.hiv HierarchicalIntervalVector.tpp:203  getIntersectionIntervals(): In: [1, 5], type F, this: (1,B), (3,F), (10,B), 
140737353852736 DEBUG hypro.datastructures.hiv HierarchicalIntervalVector.tpp:224  getIntersectionIntervals(): Bound and type match - return true.
140737353852736 DEBUG hypro.datastructures.hiv HierarchicalIntervalVector.tpp:240  getIntersectionIntervals(): Found 1 intersecting intervals.
140737353852736 DEBUG hypro.datastructures.hiv HierarchicalIntervalVector.tpp:19   insertInterval(): Insert interval [0, 1] of type B into: (1,B), (3,F), (10,B), 
140737353852736 DEBUG hypro.datastructures.hiv HierarchicalIntervalVector.tpp:63   insertInterval(): After insertion: (1,B), (3,F), (10,B), 
140737353852736 DEBUG hypro.datastructures.hiv HierarchicalIntervalVector.tpp:19   insertInterval(): Insert interval [1, 3] of type F into: (1,B), (3,F), (10,B), 
140737353852736 DEBUG hypro.datastructures.hiv HierarchicalIntervalVector.tpp:63   insertInterval(): After insertion: (1,B), (3,F), (10,B), 
140737353852736 DEBUG hypro.datastructures.hiv HierarchicalIntervalVector.tpp:19   insertInterval(): Insert interval [3, 10] of type B into: (1,B), (3,F), (10,B), 
140737353852736 DEBUG hypro.datastructures.hiv HierarchicalIntervalVector.tpp:63   insertInterval(): After insertion: (1,B), (3,F), (10,B), 
140737353852736 DEBUG hypro.datastructures.etc                  ETC_util.h:82   positiveCover(): In-interval: [1, 5]
140737353852736 DEBUG hypro.datastructures.etc                ETC_util.cpp:6    getEnabledTimings(): In: (1,B), (3,F), (10,B), 
140737353852736 DEBUG hypro.datastructures.etc                ETC_util.cpp:31   getEnabledTimings(): Return 1 intervals.
140737353852736 DEBUG hypro.datastructures.etc                  ETC_util.h:87   positiveCover(): Obtained enabled interval: [1, 3]
140737353852736 DEBUG hypro.datastructures.etc                  ETC_util.h:93   positiveCover(): Interval: [1, 5] is not contained in [1, 3]
140737353852736 DEBUG hypro.datastructures.hiv HierarchicalIntervalVector.tpp:128  hasEntry(): hasEntry: [0, 3], type P
140737353852736 DEBUG hypro.datastructures.hiv HierarchicalIntervalVector.tpp:203  getIntersectionIntervals(): In: [0, 3], type P, this: (10,F), 
140737353852736 DEBUG hypro.datastructures.hiv HierarchicalIntervalVector.tpp:240  getIntersectionIntervals(): Found 0 intersecting intervals.
140737353852736 DEBUG hypro.datastructures.hiv HierarchicalIntervalVector.tpp:128  hasEntry(): hasEntry: [0, 3], type F
140737353852736 DEBUG hypro.datastructures.hiv HierarchicalIntervalVector.tpp:203  getIntersectionIntervals(): In: [0, 3], type F, this: (10,F), 
140737353852736 DEBUG hypro.datastructures.hiv HierarchicalIntervalVector.tpp:217  getIntersectionIntervals(): Types match (first interval) - return true.
140737353852736 DEBUG hypro.datastructures.hiv HierarchicalIntervalVector.tpp:240  getIntersectionIntervals(): Found 1 intersecting intervals.
140737353852736 DEBUG hypro.datastructures.etc                  ETC_util.h:82   positiveCover(): In-interval: [0, 3]
140737353852736 DEBUG hypro.datastructures.etc                ETC_util.cpp:6    getEnabledTimings(): In: (10,F), 
140737353852736 DEBUG hypro.datastructures.etc                ETC_util.cpp:31   getEnabledTimings(): Return 1 intervals.
140737353852736 DEBUG hypro.datastructures.etc                  ETC_util.h:87   positiveCover(): Obtained enabled interval: [0, 10]
140737353852736 DEBUG hypro.datastructures.hiv HierarchicalIntervalVector.tpp:128  hasEntry(): hasEntry: [1, 2], type P
140737353852736 DEBUG hypro.datastructures.hiv HierarchicalIntervalVector.tpp:203  getIntersectionIntervals(): In: [1, 2], type P, this: (1,B), (3,F), (10,B), 
140737353852736 DEBUG hypro.datastructures.hiv HierarchicalIntervalVector.tpp:230  getIntersectionIntervals(): No matching time interval found - return false.
140737353852736 DEBUG hypro.datastructures.hiv HierarchicalIntervalVector.tpp:240  getIntersectionIntervals(): Found 0 intersecting intervals.
140737353852736 DEBUG hypro.datastructures.hiv HierarchicalIntervalVector.tpp:128  hasEntry(): hasEntry: [1, 2], type F
140737353852736 DEBUG hypro.datastructures.hiv HierarchicalIntervalVector.tpp:203  getIntersectionIntervals(): In: [1, 2], type F, this: (1,B), (3,F), (10,B), 
140737353852736 DEBUG hypro.datastructures.hiv HierarchicalIntervalVector.tpp:224  getIntersectionIntervals(): Bound and type match - return true.
140737353852736 DEBUG hypro.datastructures.hiv HierarchicalIntervalVector.tpp:230  getIntersectionIntervals(): No matching time interval found - return false.
140737353852736 DEBUG hypro.datastructures.hiv HierarchicalIntervalVector.tpp:240  getIntersectionIntervals(): Found 1 intersecting intervals.
140737353852736 DEBUG hypro.datastructures.hiv HierarchicalIntervalVector.tpp:128  hasEntry(): hasEntry: [1, 2], type P
140737353852736 DEBUG hypro.datastructures.hiv HierarchicalIntervalVector.tpp:203  getIntersectionIntervals(): In: [1, 2], type P, this: (1,B), (3,F), (10,B), 
140737353852736 DEBUG hypro.datastructures.hiv HierarchicalIntervalVector.tpp:230  getIntersectionIntervals(): No matching time interval found - return false.
140737353852736 DEBUG hypro.datastructures.hiv HierarchicalIntervalVector.tpp:240  getIntersectionIntervals(): Found 0 intersecting intervals.
140737353852736 DEBUG hypro.datastructures.hiv HierarchicalIntervalVector.tpp:128  hasEntry(): hasEntry: [1, 2], type F
140737353852736 DEBUG hypro.datastructures.hiv HierarchicalIntervalVector.tpp:203  getIntersectionIntervals(): In: [1, 2], type F, this: (1,B), (3,F), (10,B), 
140737353852736 DEBUG hypro.datastructures.hiv HierarchicalIntervalVector.tpp:224  getIntersectionIntervals(): Bound and type match - return true.
140737353852736 DEBUG hypro.datastructures.hiv HierarchicalIntervalVector.tpp:230  getIntersectionIntervals(): No matching time interval found - return false.
140737353852736 DEBUG hypro.datastructures.hiv HierarchicalIntervalVector.tpp:240  getIntersectionIntervals(): Found 1 intersecting intervals.
140737353852736 DEBUG hypro.datastructures.hiv HierarchicalIntervalVector.tpp:19   insertInterval(): Insert interval [0, 1] of type B into: (1,B), (3,F), (10,B), 
140737353852736 DEBUG hypro.datastructures.hiv HierarchicalIntervalVector.tpp:63   insertInterval(): After insertion: (1,B), (3,F), (10,B), 
140737353852736 DEBUG hypro.datastructures.hiv HierarchicalIntervalVector.tpp:19   insertInterval(): Insert interval [1, 3] of type F into: (1,B), (3,F), (10,B), 
140737353852736 DEBUG hypro.datastructures.hiv HierarchicalIntervalVector.tpp:63   insertInterval(): After insertion: (1,B), (3,F), (10,B), 
140737353852736 DEBUG hypro.datastructures.hiv HierarchicalIntervalVector.tpp:19   insertInterval(): Insert interval [3, 10] of type B into: (1,B), (3,F), (10,B), 
140737353852736 DEBUG hypro.datastructures.hiv HierarchicalIntervalVector.tpp:63   insertInterval(): After insertion: (1,B), (3,F), (10,B), 
140737353852736 DEBUG hypro.datastructures.etc                  ETC_util.h:82   positiveCover(): In-interval: [1, 2]
140737353852736 DEBUG hypro.datastructures.etc                ETC_util.cpp:6    getEnabledTimings(): In: (1,B), (3,F), (10,B), 
140737353852736 DEBUG hypro.datastructures.etc                ETC_util.cpp:31   getEnabledTimings(): Return 1 intervals.
140737353852736 DEBUG hypro.datastructures.etc                  ETC_util.h:87   positiveCover(): Obtained enabled interval: [1, 3]
140737353852736 DEBUG hypro.datastructures.hiv HierarchicalIntervalVector.tpp:19   insertInterval(): Insert interval [0, 1] of type B into: (1,B), (3,F), (10,B), 
140737353852736 DEBUG hypro.datastructures.hiv HierarchicalIntervalVector.tpp:63   insertInterval(): After insertion: (1,B), (3,F), (10,B), 
140737353852736 DEBUG hypro.datastructures.hiv HierarchicalIntervalVector.tpp:19   insertInterval(): Insert interval [1, 3] of type F into: (1,B), (3,F), (10,B), 
140737353852736 DEBUG hypro.datastructures.hiv HierarchicalIntervalVector.tpp:63   insertInterval(): After insertion: (1,B), (3,F), (10,B), 
140737353852736 DEBUG hypro.datastructures.hiv HierarchicalIntervalVector.tpp:19   insertInterval(): Insert interval [3, 10] of type B into: (1,B), (3,F), (10,B), 
140737353852736 DEBUG hypro.datastructures.hiv HierarchicalIntervalVector.tpp:63   insertInterval(): After insertion: (1,B), (3,F), (10,B), 
140737353852736 DEBUG hypro.datastructures.hiv HierarchicalIntervalVector.tpp:19   insertInterval(): Insert interval [0, 10] of type B into: (10,B), 
140737353852736 DEBUG hypro.datastructures.hiv HierarchicalIntervalVector.tpp:63   insertInterval(): After insertion: (10,B), 
140737353852736 DEBUG hypro.datastructures.hiv HierarchicalIntervalVector.tpp:128  hasEntry(): hasEntry: [1, 2], type P
140737353852736 DEBUG hypro.datastructures.hiv HierarchicalIntervalVector.tpp:203  getIntersectionIntervals(): In: [1, 2], type P, this: (1,B), (3,F), (10,B), 
140737353852736 DEBUG hypro.datastructures.hiv HierarchicalIntervalVector.tpp:230  getIntersectionIntervals(): No matching time interval found - return false.
140737353852736 DEBUG hypro.datastructures.hiv HierarchicalIntervalVector.tpp:240  getIntersectionIntervals(): Found 0 intersecting intervals.
140737353852736 DEBUG hypro.datastructures.hiv HierarchicalIntervalVector.tpp:128  hasEntry(): hasEntry: [1, 2], type F
140737353852736 DEBUG hypro.datastructures.hiv HierarchicalIntervalVector.tpp:203  getIntersectionIntervals(): In: [1, 2], type F, this: (1,B), (3,F), (10,B), 
140737353852736 DEBUG hypro.datastructures.hiv HierarchicalIntervalVector.tpp:224  getIntersectionIntervals(): Bound and type match - return true.
140737353852736 DEBUG hypro.datastructures.hiv HierarchicalIntervalVector.tpp:230  getIntersectionIntervals(): No matching time interval found - return false.
140737353852736 DEBUG hypro.datastructures.hiv HierarchicalIntervalVector.tpp:240  getIntersectionIntervals(): Found 1 intersecting intervals.
140737353852736 DEBUG hypro.datastructures.hiv HierarchicalIntervalVector.tpp:19   insertInterval(): Insert interval [0, 10] of type F into: (10,B), 
140737353852736 DEBUG hypro.datastructures.hiv HierarchicalIntervalVector.tpp:63   insertInterval(): After insertion: (10,F), 
140737353852736 DEBUG hypro.datastructures.hiv HierarchicalIntervalVector.tpp:19   insertInterval(): Insert interval [2, 3] of type Y into: (10,B), 
140737353852736 DEBUG hypro.datastructures.hiv HierarchicalIntervalVector.tpp:63   insertInterval(): After insertion: (2,B), (3,Y), (10,B), 
140737353852736 DEBUG hypro.datastructures.hiv HierarchicalIntervalVector.tpp:19   insertInterval(): Insert interval [2, 5] of type F into: (10,B), 
140737353852736 DEBUG hypro.datastructures.hiv HierarchicalIntervalVector.tpp:63   insertInterval(): After insertion: (2,B), (5,F), (10,B), 
140737353852736 DEBUG hypro.datastructures.hiv HierarchicalIntervalVector.tpp:19   insertInterval(): Insert interval [2, 3] of type F into: (10,B), 
140737353852736 DEBUG hypro.datastructures.hiv HierarchicalIntervalVector.tpp:63   insertInterval(): After insertion: (2,B), (3,F), (10,B), 
140737353852736 DEBUG hypro.datastructures.hiv HierarchicalIntervalVector.tpp:19   insertInterval(): Insert interval [3, 4] of type F into: (10,B), 
140737353852736 DEBUG hypro.datastructures.hiv HierarchicalIntervalVector.tpp:63   insertInterval(): After insertion: (3,B), (4,F), (10,B), 
140737353852736 DEBUG hypro.datastructures.hiv HierarchicalIntervalVector.tpp:128  hasEntry(): hasEntry: [0, 3], type P
140737353852736 DEBUG hypro.datastructures.hiv HierarchicalIntervalVector.tpp:203  getIntersectionIntervals(): In: [0, 3], type P, this: (10,F), 
140737353852736 DEBUG hypro.datastructures.hiv HierarchicalIntervalVector.tpp:240  getIntersectionIntervals(): Found 0 intersecting intervals.
140737353852736 DEBUG hypro.datastructures.hiv HierarchicalIntervalVector.tpp:128  hasEntry(): hasEntry: [0, 3], type F
140737353852736 DEBUG hypro.datastructures.hiv HierarchicalIntervalVector.tpp:203  getIntersectionIntervals(): In: [0, 3], type F, this: (10,F), 
140737353852736 DEBUG hypro.datastructures.hiv HierarchicalIntervalVector.tpp:217  getIntersectionIntervals(): Types match (first interval) - return true.
140737353852736 DEBUG hypro.datastructures.hiv HierarchicalIntervalVector.tpp:240  getIntersectionIntervals(): Found 1 intersecting intervals.
140737353852736 DEBUG hypro.datastructures.etc                  ETC_util.h:82   positiveCover(): In-interval: [0, 3]
140737353852736 DEBUG hypro.datastructures.etc                ETC_util.cpp:6    getEnabledTimings(): In: (10,F), 
140737353852736 DEBUG hypro.datastructures.etc                ETC_util.cpp:31   getEnabledTimings(): Return 1 intervals.
140737353852736 DEBUG hypro.datastructures.etc                  ETC_util.h:87   positiveCover(): Obtained enabled interval: [0, 10]
140737353852736 DEBUG hypro.datastructures.hiv HierarchicalIntervalVector.tpp:128  hasEntry(): hasEntry: [2, 5], type P
140737353852736 DEBUG hypro.datastructures.hiv HierarchicalIntervalVector.tpp:203  getIntersectionIntervals(): In: [2, 5], type P, this: (2,B), (3,F), (10,B), 
140737353852736 DEBUG hypro.datastructures.hiv HierarchicalIntervalVector.tpp:240  getIntersectionIntervals(): Found 0 intersecting intervals.
140737353852736 DEBUG hypro.datastructures.hiv HierarchicalIntervalVector.tpp:128  hasEntry(): hasEntry: [2, 5], type F
140737353852736 DEBUG hypro.datastructures.hiv HierarchicalIntervalVector.tpp:203  getIntersectionIntervals(): In: [2, 5], type F, this: (2,B), (3,F), (10,B), 
140737353852736 DEBUG hypro.datastructures.hiv HierarchicalIntervalVector.tpp:224  getIntersectionIntervals(): Bound and type match - return true.
140737353852736 DEBUG hypro.datastructures.hiv HierarchicalIntervalVector.tpp:240  getIntersectionIntervals(): Found 1 intersecting intervals.
140737353852736 DEBUG hypro.datastructures.hiv HierarchicalIntervalVector.tpp:128  hasEntry(): hasEntry: [2, 5], type P
140737353852736 DEBUG hypro.datastructures.hiv HierarchicalIntervalVector.tpp:203  getIntersectionIntervals(): In: [2, 5], type P, this: (3,B), (4,F), (10,B), 
140737353852736 DEBUG hypro.datastructures.hiv HierarchicalIntervalVector.tpp:240  getIntersectionIntervals(): Found 0 intersecting intervals.
140737353852736 DEBUG hypro.datastructures.hiv HierarchicalIntervalVector.tpp:128  hasEntry(): hasEntry: [2, 5], type F
140737353852736 DEBUG hypro.datastructures.hiv HierarchicalIntervalVector.tpp:203  getIntersectionIntervals(): In: [2, 5], type F, this: (3,B), (4,F), (10,B), 
140737353852736 DEBUG hypro.datastructures.hiv HierarchicalIntervalVector.tpp:224  getIntersectionIntervals(): Bound and type match - return true.
140737353852736 DEBUG hypro.datastructures.hiv HierarchicalIntervalVector.tpp:240  getIntersectionIntervals(): Found 1 intersecting intervals.
140737353852736 DEBUG hypro.datastructures.hiv HierarchicalIntervalVector.tpp:128  hasEntry(): hasEntry: [2, 5], type P
140737353852736 DEBUG hypro.datastructures.hiv HierarchicalIntervalVector.tpp:203  getIntersectionIntervals(): In: [2, 5], type P, this: (2,B), (5,F), (10,B), 
140737353852736 DEBUG hypro.datastructures.hiv HierarchicalIntervalVector.tpp:240  getIntersectionIntervals(): Found 0 intersecting intervals.
140737353852736 DEBUG hypro.datastructures.hiv HierarchicalIntervalVector.tpp:128  hasEntry(): hasEntry: [2, 5], type F
140737353852736 DEBUG hypro.datastructures.hiv HierarchicalIntervalVector.tpp:203  getIntersectionIntervals(): In: [2, 5], type F, this: (2,B), (5,F), (10,B), 
140737353852736 DEBUG hypro.datastructures.hiv HierarchicalIntervalVector.tpp:224  getIntersectionIntervals(): Bound and type match - return true.
140737353852736 DEBUG hypro.datastructures.hiv HierarchicalIntervalVector.tpp:240  getIntersectionIntervals(): Found 1 intersecting intervals.
140737353852736 DEBUG hypro.datastructures.hiv HierarchicalIntervalVector.tpp:128  hasEntry(): hasEntry: [2, 5], type P
140737353852736 DEBUG hypro.datastructures.hiv HierarchicalIntervalVector.tpp:203  getIntersectionIntervals(): In: [2, 5], type P, this: (10,B), 
140737353852736 DEBUG hypro.datastructures.hiv HierarchicalIntervalVector.tpp:240  getIntersectionIntervals(): Found 0 intersecting intervals.
140737353852736 DEBUG hypro.datastructures.hiv HierarchicalIntervalVector.tpp:128  hasEntry(): hasEntry: [2, 5], type F
140737353852736 DEBUG hypro.datastructures.hiv HierarchicalIntervalVector.tpp:203  getIntersectionIntervals(): In: [2, 5], type F, this: (10,B), 
140737353852736 DEBUG hypro.datastructures.hiv HierarchicalIntervalVector.tpp:240  getIntersectionIntervals(): Found 0 intersecting intervals.
140737353852736 DEBUG hypro.datastructures.hiv HierarchicalIntervalVector.tpp:128  hasEntry(): hasEntry: [2, 5], type Y
140737353852736 DEBUG hypro.datastructures.hiv HierarchicalIntervalVector.tpp:203  getIntersectionIntervals(): In: [2, 5], type Y, this: (10,B), 
140737353852736 DEBUG hypro.datastructures.hiv HierarchicalIntervalVector.tpp:240  getIntersectionIntervals(): Found 0 intersecting intervals.
140737353852736 DEBUG hypro.datastructures.hiv HierarchicalIntervalVector.tpp:135  intersectsEntry(): This: (10,B),  intersects: [2, 5], type F
140737353852736 DEBUG hypro.datastructures.hiv HierarchicalIntervalVector.tpp:203  getIntersectionIntervals(): In: [2, 5], type F, this: (10,B), 
140737353852736 DEBUG hypro.datastructures.hiv HierarchicalIntervalVector.tpp:240  getIntersectionIntervals(): Found 0 intersecting intervals.
140737353852736 DEBUG hypro.datastructures.hiv HierarchicalIntervalVector.tpp:135  intersectsEntry(): This: (10,B),  intersects: [2, 5], type P
140737353852736 DEBUG hypro.datastructures.hiv HierarchicalIntervalVector.tpp:203  getIntersectionIntervals(): In: [2, 5], type P, this: (10,B), 
140737353852736 DEBUG hypro.datastructures.hiv HierarchicalIntervalVector.tpp:240  getIntersectionIntervals(): Found 0 intersecting intervals.
140737353852736 DEBUG hypro.datastructures.hiv HierarchicalIntervalVector.tpp:135  intersectsEntry(): This: (10,B),  intersects: [2, 5], type Y
140737353852736 DEBUG hypro.datastructures.hiv HierarchicalIntervalVector.tpp:203  getIntersectionIntervals(): In: [2, 5], type Y, this: (10,B), 
140737353852736 DEBUG hypro.datastructures.hiv HierarchicalIntervalVector.tpp:240  getIntersectionIntervals(): Found 0 intersecting intervals.
140737353852736 DEBUG hypro.datastructures.hiv HierarchicalIntervalVector.tpp:128  hasEntry(): hasEntry: [2, 5], type Y
140737353852736 DEBUG hypro.datastructures.hiv HierarchicalIntervalVector.tpp:203  getIntersectionIntervals(): In: [2, 5], type Y, this: (10,B), 
140737353852736 DEBUG hypro.datastructures.hiv HierarchicalIntervalVector.tpp:240  getIntersectionIntervals(): Found 0 intersecting intervals.
140737353852736 DEBUG hypro.datastructures.hiv HierarchicalIntervalVector.tpp:128  hasEntry(): hasEntry: [2, 5], type P
140737353852736 DEBUG hypro.datastructures.hiv HierarchicalIntervalVector.tpp:203  getIntersectionIntervals(): In: [2, 5], type P, this: (10,B), 
140737353852736 DEBUG hypro.datastructures.hiv HierarchicalIntervalVector.tpp:240  getIntersectionIntervals(): Found 0 intersecting intervals.
140737353852736 DEBUG hypro.datastructures.hiv HierarchicalIntervalVector.tpp:128  hasEntry(): hasEntry: [2, 5], type F
140737353852736 DEBUG hypro.datastructures.hiv HierarchicalIntervalVector.tpp:203  getIntersectionIntervals(): In: [2, 5], type F, this: (10,B), 
140737353852736 DEBUG hypro.datastructures.hiv HierarchicalIntervalVector.tpp:240  getIntersectionIntervals(): Found 0 intersecting intervals.
140737353852736 DEBUG hypro.datastructures.hiv HierarchicalIntervalVector.tpp:19   insertInterval(): Insert interval [0, 3] of type B into: (2,B), (3,F), (10,B), 
140737353852736 DEBUG hypro.datastructures.hiv HierarchicalIntervalVector.tpp:63   insertInterval(): After insertion: (2,B), (3,F), (10,B), 
140737353852736 DEBUG hypro.datastructures.hiv HierarchicalIntervalVector.tpp:19   insertInterval(): Insert interval [3, 4] of type F into: (2,B), (3,F), (10,B), 
140737353852736 DEBUG hypro.datastructures.hiv HierarchicalIntervalVector.tpp:63   insertInterval(): After insertion: (2,B), (4,F), (10,B), 
140737353852736 DEBUG hypro.datastructures.hiv HierarchicalIntervalVector.tpp:19   insertInterval(): Insert interval [4, 10] of type B into: (2,B), (4,F), (10,B), 
140737353852736 DEBUG hypro.datastructures.hiv HierarchicalIntervalVector.tpp:63   insertInterval(): After insertion: (2,B), (4,F), (10,B), 
140737353852736 DEBUG hypro.datastructures.hiv HierarchicalIntervalVector.tpp:19   insertInterval(): Insert interval [0, 2] of type B into: (2,B), (4,F), (10,B), 
140737353852736 DEBUG hypro.datastructures.hiv HierarchicalIntervalVector.tpp:63   insertInterval(): After insertion: (2,B), (4,F), (10,B), 
140737353852736 DEBUG hypro.datastructures.hiv HierarchicalIntervalVector.tpp:19   insertInterval(): Insert interval [2, 5] of type F into: (2,B), (4,F), (10,B), 
140737353852736 DEBUG hypro.datastructures.hiv HierarchicalIntervalVector.tpp:63   insertInterval(): After insertion: (2,B), (5,F), (10,B), 
140737353852736 DEBUG hypro.datastructures.hiv HierarchicalIntervalVector.tpp:19   insertInterval(): Insert interval [5, 10] of type B into: (2,B), (5,F), (10,B), 
140737353852736 DEBUG hypro.datastructures.hiv HierarchicalIntervalVector.tpp:63   insertInterval(): After insertion: (2,B), (5,F), (10,B), 
140737353852736 DEBUG hypro.datastructures.etc                  ETC_util.h:82   positiveCover(): In-interval: [2, 5]
140737353852736 DEBUG hypro.datastructures.etc                ETC_util.cpp:6    getEnabledTimings(): In: (2,B), (5,F), (10,B), 
140737353852736 DEBUG hypro.datastructures.etc                ETC_util.cpp:31   getEnabledTimings(): Return 1 intervals.
140737353852736 DEBUG hypro.datastructures.etc                  ETC_util.h:87   positiveCover(): Obtained enabled interval: [2, 5]
140737353852736 DEBUG hypro.datastructures.hiv HierarchicalIntervalVector.tpp:19   insertInterval(): Insert interval [0, 3] of type B into: (2,B), (3,F), (10,B), 
140737353852736 DEBUG hypro.datastructures.hiv HierarchicalIntervalVector.tpp:63   insertInterval(): After insertion: (10,B), 
140737353852736 DEBUG hypro.datastructures.hiv HierarchicalIntervalVector.tpp:19   insertInterval(): Insert interval [3, 4] of type F into: (10,B), 
140737353852736 DEBUG hypro.datastructures.hiv HierarchicalIntervalVector.tpp:63   insertInterval(): After insertion: (10,B), 
140737353852736 DEBUG hypro.datastructures.hiv HierarchicalIntervalVector.tpp:19   insertInterval(): Insert interval [4, 10] of type B into: (10,B), 
140737353852736 DEBUG hypro.datastructures.hiv HierarchicalIntervalVector.tpp:63   insertInterval(): After insertion: (10,B), 
140737353852736 DEBUG hypro.datastructures.hiv HierarchicalIntervalVector.tpp:19   insertInterval(): Insert interval [0, 10] of type B into: (10,B), 
140737353852736 DEBUG hypro.datastructures.hiv HierarchicalIntervalVector.tpp:63   insertInterval(): After insertion: (10,B), 
140737353852736 DEBUG hypro.datastructures.hiv HierarchicalIntervalVector.tpp:19   insertInterval(): Insert interval [0, 2] of type B into: (10,B), 
140737353852736 DEBUG hypro.datastructures.hiv HierarchicalIntervalVector.tpp:63   insertInterval(): After insertion: (10,B), 
140737353852736 DEBUG hypro.datastructures.hiv HierarchicalIntervalVector.tpp:19   insertInterval(): Insert interval [2, 5] of type F into: (10,B), 
140737353852736 DEBUG hypro.datastructures.hiv HierarchicalIntervalVector.tpp:63   insertInterval(): After insertion: (10,B), 
140737353852736 DEBUG hypro.datastructures.hiv HierarchicalIntervalVector.tpp:19   insertInterval(): Insert interval [5, 10] of type B into: (10,B), 
140737353852736 DEBUG hypro.datastructures.hiv HierarchicalIntervalVector.tpp:63   insertInterval(): After insertion: (10,B), 
140737353852736 DEBUG hypro.datastructures.hiv HierarchicalIntervalVector.tpp:19   insertInterval(): Insert interval [0, 10] of type B into: (10,B), 
140737353852736 DEBUG hypro.datastructures.hiv HierarchicalIntervalVector.tpp:63   insertInterval(): After insertion: (10,B), 
140737353852736 DEBUG hypro.datastructures.hiv HierarchicalIntervalVector.tpp:19   insertInterval(): Insert interval [0, 10] of type F into: (10,B), 
140737353852736 DEBUG hypro.datastructures.hiv HierarchicalIntervalVector.tpp:63   insertInterval(): After insertion: (10,F), 
140737353852736 DEBUG hypro.datastructures.hiv HierarchicalIntervalVector.tpp:19   insertInterval(): Insert interval [2, 3] of type Y into: (10,B), 
140737353852736 DEBUG hypro.datastructures.hiv HierarchicalIntervalVector.tpp:63   insertInterval(): After insertion: (2,B), (3,Y), (10,B), 
140737353852736 DEBUG hypro.datastructures.hiv HierarchicalIntervalVector.tpp:19   insertInterval(): Insert interval [2, 6] of type F into: (10,B), 
140737353852736 DEBUG hypro.datastructures.hiv HierarchicalIntervalVector.tpp:63   insertInterval(): After insertion: (2,B), (6,F), (10,B), 
140737353852736 DEBUG hypro.datastructures.hiv HierarchicalIntervalVector.tpp:19   insertInterval(): Insert interval [2, 3] of type F into: (10,B), 
140737353852736 DEBUG hypro.datastructures.hiv HierarchicalIntervalVector.tpp:63   insertInterval(): After insertion: (2,B), (3,F), (10,B), 
140737353852736 DEBUG hypro.datastructures.hiv HierarchicalIntervalVector.tpp:19   insertInterval(): Insert interval [3, 4] of type F into: (10,B), 
140737353852736 DEBUG hypro.datastructures.hiv HierarchicalIntervalVector.tpp:63   insertInterval(): After insertion: (3,B), (4,F), (10,B), 
140737353852736 DEBUG hypro.datastructures.hiv HierarchicalIntervalVector.tpp:19   insertInterval(): Insert interval [4, 5] of type F into: (10,B), 
140737353852736 DEBUG hypro.datastructures.hiv HierarchicalIntervalVector.tpp:63   insertInterval(): After insertion: (4,B), (5,F), (10,B), 
140737353852736 DEBUG hypro.datastructures.hiv HierarchicalIntervalVector.tpp:128  hasEntry(): hasEntry: [0, 3], type P
140737353852736 DEBUG hypro.datastructures.hiv HierarchicalIntervalVector.tpp:203  getIntersectionIntervals(): In: [0, 3], type P, this: (10,F), 
140737353852736 DEBUG hypro.datastructures.hiv HierarchicalIntervalVector.tpp:240  getIntersectionIntervals(): Found 0 intersecting intervals.
140737353852736 DEBUG hypro.datastructures.hiv HierarchicalIntervalVector.tpp:128  hasEntry(): hasEntry: [0, 3], type F
140737353852736 DEBUG hypro.datastructures.hiv HierarchicalIntervalVector.tpp:203  getIntersectionIntervals(): In: [0, 3], type F, this: (10,F), 
140737353852736 DEBUG hypro.datastructures.hiv HierarchicalIntervalVector.tpp:217  getIntersectionIntervals(): Types match (first interval) - return true.
140737353852736 DEBUG hypro.datastructures.hiv HierarchicalIntervalVector.tpp:240  getIntersectionIntervals(): Found 1 intersecting intervals.
140737353852736 DEBUG hypro.datastructures.etc                  ETC_util.h:82   positiveCover(): In-interval: [0, 3]
140737353852736 DEBUG hypro.datastructures.etc                ETC_util.cpp:6    getEnabledTimings(): In: (10,F), 
140737353852736 DEBUG hypro.datastructures.etc                ETC_util.cpp:31   getEnabledTimings(): Return 1 intervals.
140737353852736 DEBUG hypro.datastructures.etc                  ETC_util.h:87   positiveCover(): Obtained enabled interval: [0, 10]
140737353852736 DEBUG hypro.datastructures.hiv HierarchicalIntervalVector.tpp:128  hasEntry(): hasEntry: [2, 5], type P
140737353852736 DEBUG hypro.datastructures.hiv HierarchicalIntervalVector.tpp:203  getIntersectionIntervals(): In: [2, 5], type P, this: (3,B), (4,F), (10,B), 
140737353852736 DEBUG hypro.datastructures.hiv HierarchicalIntervalVector.tpp:240  getIntersectionIntervals(): Found 0 intersecting intervals.
140737353852736 DEBUG hypro.datastructures.hiv HierarchicalIntervalVector.tpp:128  hasEntry(): hasEntry: [2, 5], type F
140737353852736 DEBUG hypro.datastructures.hiv HierarchicalIntervalVector.tpp:203  getIntersectionIntervals(): In: [2, 5], type F, this: (3,B), (4,F), (10,B), 
140737353852736 DEBUG hypro.datastructures.hiv HierarchicalIntervalVector.tpp:224  getIntersectionIntervals(): Bound and type match - return true.
140737353852736 DEBUG hypro.datastructures.hiv HierarchicalIntervalVector.tpp:240  getIntersectionIntervals(): Found 1 intersecting intervals.
140737353852736 DEBUG hypro.datastructures.hiv HierarchicalIntervalVector.tpp:128  hasEntry(): hasEntry: [2, 5], type P
140737353852736 DEBUG hypro.datastructures.hiv HierarchicalIntervalVector.tpp:203  getIntersectionIntervals(): In: [2, 5], type P, this: (2,B), (3,F), (10,B), 
140737353852736 DEBUG hypro.datastructures.hiv HierarchicalIntervalVector.tpp:240  getIntersectionIntervals(): Found 0 intersecting intervals.
140737353852736 DEBUG hypro.datastructures.hiv HierarchicalIntervalVector.tpp:128  hasEntry(): hasEntry: [2, 5], type F
140737353852736 DEBUG hypro.datastructures.hiv HierarchicalIntervalVector.tpp:203  getIntersectionIntervals(): In: [2, 5], type F, this: (2,B), (3,F), (10,B), 
140737353852736 DEBUG hypro.datastructures.hiv HierarchicalIntervalVector.tpp:224  getIntersectionIntervals(): Bound and type match - return true.
140737353852736 DEBUG hypro.datastructures.hiv HierarchicalIntervalVector.tpp:240  getIntersectionIntervals(): Found 1 intersecting intervals.
140737353852736 DEBUG hypro.datastructures.hiv HierarchicalIntervalVector.tpp:128  hasEntry(): hasEntry: [2, 5], type P
140737353852736 DEBUG hypro.datastructures.hiv HierarchicalIntervalVector.tpp:203  getIntersectionIntervals(): In: [2, 5], type P, this: (4,B), (5,F), (10,B), 
140737353852736 DEBUG hypro.datastructures.hiv HierarchicalIntervalVector.tpp:240  getIntersectionIntervals(): Found 0 intersecting intervals.
140737353852736 DEBUG hypro.datastructures.hiv HierarchicalIntervalVector.tpp:128  hasEntry(): hasEntry: [2, 5], type F
140737353852736 DEBUG hypro.datastructures.hiv HierarchicalIntervalVector.tpp:203  getIntersectionIntervals(): In: [2, 5], type F, this: (4,B), (5,F), (10,B), 
140737353852736 DEBUG hypro.datastructures.hiv HierarchicalIntervalVector.tpp:224  getIntersectionIntervals(): Bound and type match - return true.
140737353852736 DEBUG hypro.datastructures.hiv HierarchicalIntervalVector.tpp:240  getIntersectionIntervals(): Found 1 intersecting intervals.
140737353852736 DEBUG hypro.datastructures.hiv HierarchicalIntervalVector.tpp:128  hasEntry(): hasEntry: [2, 5], type P
140737353852736 DEBUG hypro.datastructures.hiv HierarchicalIntervalVector.tpp:203  getIntersectionIntervals(): In: [2, 5], type P, this: (2,B), (6,F), (10,B), 
140737353852736 DEBUG hypro.datastructures.hiv HierarchicalIntervalVector.tpp:230  getIntersectionIntervals(): No matching time interval found - return false.
140737353852736 DEBUG hypro.datastructures.hiv HierarchicalIntervalVector.tpp:240  getIntersectionIntervals(): Found 0 intersecting intervals.
140737353852736 DEBUG hypro.datastructures.hiv HierarchicalIntervalVector.tpp:128  hasEntry(): hasEntry: [2, 5], type F
140737353852736 DEBUG hypro.datastructures.hiv HierarchicalIntervalVector.tpp:203  getIntersectionIntervals(): In: [2, 5], type F, this: (2,B), (6,F), (10,B), 
140737353852736 DEBUG hypro.datastructures.hiv HierarchicalIntervalVector.tpp:224  getIntersectionIntervals(): Bound and type match - return true.
140737353852736 DEBUG hypro.datastructures.hiv HierarchicalIntervalVector.tpp:230  getIntersectionIntervals(): No matching time interval found - return false.
140737353852736 DEBUG hypro.datastructures.hiv HierarchicalIntervalVector.tpp:240  getIntersectionIntervals(): Found 1 intersecting intervals.
140737353852736 DEBUG hypro.datastructures.hiv HierarchicalIntervalVector.tpp:19   insertInterval(): Insert interval [0, 2] of type B into: (3,B), (4,F), (10,B), 
140737353852736 DEBUG hypro.datastructures.hiv HierarchicalIntervalVector.tpp:63   insertInterval(): After insertion: (3,B), (4,F), (10,B), 
140737353852736 DEBUG hypro.datastructures.hiv HierarchicalIntervalVector.tpp:19   insertInterval(): Insert interval [2, 3] of type F into: (3,B), (4,F), (10,B), 
140737353852736 DEBUG hypro.datastructures.hiv HierarchicalIntervalVector.tpp:63   insertInterval(): After insertion: (2,B), (4,F), (10,B), 
140737353852736 DEBUG hypro.datastructures.hiv HierarchicalIntervalVector.tpp:19   insertInterval(): Insert interval [3, 10] of type B into: (2,B), (4,F), (10,B), 
140737353852736 DEBUG hypro.datastructures.hiv HierarchicalIntervalVector.tpp:63   insertInterval(): After insertion: (2,B), (4,F), (10,B), 
140737353852736 DEBUG hypro.datastructures.hiv HierarchicalIntervalVector.tpp:19   insertInterval(): Insert interval [0, 4] of type B into: (2,B), (4,F), (10,B), 
140737353852736 DEBUG hypro.datastructures.hiv HierarchicalIntervalVector.tpp:63   insertInterval(): After insertion: (2,B), (4,F), (10,B), 
140737353852736 DEBUG hypro.datastructures.hiv HierarchicalIntervalVector.tpp:19   insertInterval(): Insert interval [4, 5] of type F into: (2,B), (4,F), (10,B), 
140737353852736 DEBUG hypro.datastructures.hiv HierarchicalIntervalVector.tpp:63   insertInterval(): After insertion: (2,B), (5,F), (10,B), 
140737353852736 DEBUG hypro.datastructures.hiv HierarchicalIntervalVector.tpp:19   insertInterval(): Insert interval [5, 10] of type B into: (2,B), (5,F), (10,B), 
140737353852736 DEBUG hypro.datastructures.hiv HierarchicalIntervalVector.tpp:63   insertInterval(): After insertion: (2,B), (5,F), (10,B), 
140737353852736 DEBUG hypro.datastructures.hiv HierarchicalIntervalVector.tpp:19   insertInterval(): Insert interval [0, 2] of type B into: (2,B), (5,F), (10,B), 
140737353852736 DEBUG hypro.datastructures.hiv HierarchicalIntervalVector.tpp:63   insertInterval(): After insertion: (2,B), (5,F), (10,B), 
140737353852736 DEBUG hypro.datastructures.hiv HierarchicalIntervalVector.tpp:19   insertInterval(): Insert interval [2, 6] of type F into: (2,B), (5,F), (10,B), 
140737353852736 DEBUG hypro.datastructures.hiv HierarchicalIntervalVector.tpp:63   insertInterval(): After insertion: (2,B), (6,F), (10,B), 
140737353852736 DEBUG hypro.datastructures.hiv HierarchicalIntervalVector.tpp:19   insertInterval(): Insert interval [6, 10] of type B into: (2,B), (6,F), (10,B), 
140737353852736 DEBUG hypro.datastructures.hiv HierarchicalIntervalVector.tpp:63   insertInterval(): After insertion: (2,B), (6,F), (10,B), 
140737353852736 DEBUG hypro.datastructures.etc                  ETC_util.h:82   positiveCover(): In-interval: [2, 5]
140737353852736 DEBUG hypro.datastructures.etc                ETC_util.cpp:6    getEnabledTimings(): In: (2,B), (6,F), (10,B), 
140737353852736 DEBUG hypro.datastructures.etc                ETC_util.cpp:31   getEnabledTimings(): Return 1 intervals.
140737353852736 DEBUG hypro.datastructures.etc                  ETC_util.h:87   positiveCover(): Obtained enabled interval: [2, 6]
140737353852736 DEBUG hypro.datastructures.hiv HierarchicalIntervalVector.tpp:19   insertInterval(): Insert interval [0, 2] of type B into: (3,B), (4,F), (10,B), 
140737353852736 DEBUG hypro.datastructures.hiv HierarchicalIntervalVector.tpp:63   insertInterval(): After insertion: (3,B), (4,F), (10,B), 
140737353852736 DEBUG hypro.datastructures.hiv HierarchicalIntervalVector.tpp:19   insertInterval(): Insert interval [2, 3] of type F into: (3,B), (4,F), (10,B), 
140737353852736 DEBUG hypro.datastructures.hiv HierarchicalIntervalVector.tpp:63   insertInterval(): After insertion: (3,B), (4,F), (10,B), 
140737353852736 DEBUG hypro.datastructures.hiv HierarchicalIntervalVector.tpp:19   insertInterval(): Insert interval [3, 10] of type B into: (3,B), (4,F), (10,B), 
140737353852736 DEBUG hypro.datastructures.hiv HierarchicalIntervalVector.tpp:63   insertInterval(): After insertion: (10,B), 
140737353852736 DEBUG hypro.datastructures.hiv HierarchicalIntervalVector.tpp:19   insertInterval(): Insert interval [0, 10] of type B into: (10,B), 
140737353852736 DEBUG hypro.datastructures.hiv HierarchicalIntervalVector.tpp:63   insertInterval(): After insertion: (10,B), 
140737353852736 DEBUG hypro.datastructures.hiv HierarchicalIntervalVector.tpp:19   insertInterval(): Insert interval [0, 4] of type B into: (10,B), 
140737353852736 DEBUG hypro.datastructures.hiv HierarchicalIntervalVector.tpp:63   insertInterval(): After insertion: (10,B), 
140737353852736 DEBUG hypro.datastructures.hiv HierarchicalIntervalVector.tpp:19   insertInterval(): Insert interval [4, 5] of type F into: (10,B), 
140737353852736 DEBUG hypro.datastructures.hiv HierarchicalIntervalVector.tpp:63   insertInterval(): After insertion: (10,B), 
140737353852736 DEBUG hypro.datastructures.hiv HierarchicalIntervalVector.tpp:19   insertInterval(): Insert interval [5, 10] of type B into: (10,B), 
140737353852736 DEBUG hypro.datastructures.hiv HierarchicalIntervalVector.tpp:63   insertInterval(): After insertion: (10,B), 
140737353852736 DEBUG hypro.datastructures.hiv HierarchicalIntervalVector.tpp:19   insertInterval(): Insert interval [0, 10] of type B into: (10,B), 
140737353852736 DEBUG hypro.datastructures.hiv HierarchicalIntervalVector.tpp:63   insertInterval(): After insertion: (10,B), 
140737353852736 DEBUG hypro.datastructures.hiv HierarchicalIntervalVector.tpp:19   insertInterval(): Insert interval [0, 2] of type B into: (10,B), 
140737353852736 DEBUG hypro.datastructures.hiv HierarchicalIntervalVector.tpp:63   insertInterval(): After insertion: (10,B), 
140737353852736 DEBUG hypro.datastructures.hiv HierarchicalIntervalVector.tpp:19   insertInterval(): Insert interval [2, 6] of type F into: (10,B), 
140737353852736 DEBUG hypro.datastructures.hiv HierarchicalIntervalVector.tpp:63   insertInterval(): After insertion: (10,B), 
140737353852736 DEBUG hypro.datastructures.hiv HierarchicalIntervalVector.tpp:19   insertInterval(): Insert interval [6, 10] of type B into: (10,B), 
140737353852736 DEBUG hypro.datastructures.hiv HierarchicalIntervalVector.tpp:63   insertInterval(): After insertion: (10,B), 
140737353852736 DEBUG hypro.datastructures.hiv HierarchicalIntervalVector.tpp:19   insertInterval(): Insert interval [0, 10] of type B into: (10,B), 
140737353852736 DEBUG hypro.datastructures.hiv HierarchicalIntervalVector.tpp:63   insertInterval(): After insertion: (10,B), 
140737353852736 DEBUG hypro.datastructures.hiv HierarchicalIntervalVector.tpp:19   insertInterval(): Insert interval [2, 7] of type P into: (10,B), 
140737353852736 DEBUG hypro.datastructures.hiv HierarchicalIntervalVector.tpp:63   insertInterval(): After insertion: (2,B), (7,P), (10,B), 
140737353852736 DEBUG hypro.datastructures.hiv HierarchicalIntervalVector.tpp:19   insertInterval(): Insert interval [3, 5] of type F into: (2,B), (7,P), (10,B), 
140737353852736 DEBUG hypro.datastructures.hiv HierarchicalIntervalVector.tpp:63   insertInterval(): After insertion: (2,B), (3,P), (5,F), (7,P), (10,B), 
140737353852736 DEBUG hypro.datastructures.hiv HierarchicalIntervalVector.tpp:19   insertInterval(): Insert interval [7, 8] of type F into: (2,B), (3,P), (5,F), (7,P), (10,B), 
140737353852736 DEBUG hypro.datastructures.hiv HierarchicalIntervalVector.tpp:63   insertInterval(): After insertion: (2,B), (3,P), (5,F), (7,P), (8,F), (10,B), 
140737353852736 DEBUG hypro.datastructures.hiv HierarchicalIntervalVector.tpp:19   insertInterval(): Insert interval [2, 7] of type P into: (10,B), 
140737353852736 DEBUG hypro.datastructures.hiv HierarchicalIntervalVector.tpp:63   insertInterval(): After insertion: (2,B), (7,P), (10,B), 
140737353852736 DEBUG hypro.datastructures.hiv HierarchicalIntervalVector.tpp:19   insertInterval(): Insert interval [3, 5] of type F into: (2,B), (7,P), (10,B), 
140737353852736 DEBUG hypro.datastructures.hiv HierarchicalIntervalVector.tpp:63   insertInterval(): After insertion: (2,B), (3,P), (5,F), (7,P), (10,B), 
140737353852736 DEBUG hypro.datastructures.hiv HierarchicalIntervalVector.tpp:19   insertInterval(): Insert interval [7, 8] of type F into: (2,B), (3,P), (5,F), (7,P), (10,B), 
140737353852736 DEBUG hypro.datastructures.hiv HierarchicalIntervalVector.tpp:63   insertInterval(): After insertion: (2,B), (3,P), (5,F), (7,P), (8,F), (10,B), 
140737353852736 DEBUG hypro.datastructures.hiv HierarchicalIntervalVector.tpp:19   insertInterval(): Insert interval [2, 7] of type P into: (10,B), 
140737353852736 DEBUG hypro.datastructures.hiv HierarchicalIntervalVector.tpp:63   insertInterval(): After insertion: (2,B), (7,P), (10,B), 
140737353852736 DEBUG hypro.datastructures.hiv HierarchicalIntervalVector.tpp:19   insertInterval(): Insert interval [3, 5] of type F into: (2,B), (7,P), (10,B), 
140737353852736 DEBUG hypro.datastructures.hiv HierarchicalIntervalVector.tpp:63   insertInterval(): After insertion: (2,B), (3,P), (5,F), (7,P), (10,B), 
140737353852736 DEBUG hypro.datastructures.hiv HierarchicalIntervalVector.tpp:19   insertInterval(): Insert interval [7, 8] of type F into: (2,B), (3,P), (5,F), (7,P), (10,B), 
140737353852736 DEBUG hypro.datastructures.hiv HierarchicalIntervalVector.tpp:63   insertInterval(): After insertion: (2,B), (3,P), (5,F), (7,P), (8,F), (10,B), 
140737353852736 DEBUG hypro.datastructures.hiv HierarchicalIntervalVector.tpp:128  hasEntry(): hasEntry: [5, 10], type P
140737353852736 DEBUG hypro.datastructures.hiv HierarchicalIntervalVector.tpp:203  getIntersectionIntervals(): In: [5, 10], type P, this: (5,B), (10,P), 
140737353852736 DEBUG hypro.datastructures.hiv HierarchicalIntervalVector.tpp:224  getIntersectionIntervals(): Bound and type match - return true.
140737353852736 DEBUG hypro.datastructures.hiv HierarchicalIntervalVector.tpp:240  getIntersectionIntervals(): Found 1 intersecting intervals.
140737353852736 DEBUG hypro.datastructures.hiv HierarchicalIntervalVector.tpp:128  hasEntry(): hasEntry: [5, 10], type P
140737353852736 DEBUG hypro.datastructures.hiv HierarchicalIntervalVector.tpp:203  getIntersectionIntervals(): In: [5, 10], type P, this: (5,B), (10,P), 
140737353852736 DEBUG hypro.datastructures.hiv HierarchicalIntervalVector.tpp:224  getIntersectionIntervals(): Bound and type match - return true.
140737353852736 DEBUG hypro.datastructures.hiv HierarchicalIntervalVector.tpp:240  getIntersectionIntervals(): Found 1 intersecting intervals.
140737353852736 DEBUG hypro.datastructures.hiv HierarchicalIntervalVector.tpp:128  hasEntry(): hasEntry: [0, 1], type B
140737353852736 DEBUG hypro.datastructures.hiv HierarchicalIntervalVector.tpp:203  getIntersectionIntervals(): In: [0, 1], type B, this: (5,B), (10,P), 
140737353852736 DEBUG hypro.datastructures.hiv HierarchicalIntervalVector.tpp:217  getIntersectionIntervals(): Types match (first interval) - return true.
140737353852736 DEBUG hypro.datastructures.hiv HierarchicalIntervalVector.tpp:230  getIntersectionIntervals(): No matching time interval found - return false.
140737353852736 DEBUG hypro.datastructures.hiv HierarchicalIntervalVector.tpp:240  getIntersectionIntervals(): Found 1 intersecting intervals.
140737353852736 DEBUG hypro.datastructures.hiv HierarchicalIntervalVector.tpp:128  hasEntry(): hasEntry: [4, 7], type P
140737353852736 DEBUG hypro.datastructures.hiv HierarchicalIntervalVector.tpp:203  getIntersectionIntervals(): In: [4, 7], type P, this: (5,B), (10,P), 
140737353852736 DEBUG hypro.datastructures.hiv HierarchicalIntervalVector.tpp:224  getIntersectionIntervals(): Bound and type match - return true.
140737353852736 DEBUG hypro.datastructures.hiv HierarchicalIntervalVector.tpp:240  getIntersectionIntervals(): Found 1 intersecting intervals.
140737353852736 DEBUG hypro.datastructures.hiv HierarchicalIntervalVector.tpp:128  hasEntry(): hasEntry: [4, 7], type B
140737353852736 DEBUG hypro.datastructures.hiv HierarchicalIntervalVector.tpp:203  getIntersectionIntervals(): In: [4, 7], type B, this: (5,B), (10,P), 
140737353852736 DEBUG hypro.datastructures.hiv HierarchicalIntervalVector.tpp:217  getIntersectionIntervals(): Types match (first interval) - return true.
140737353852736 DEBUG hypro.datastructures.hiv HierarchicalIntervalVector.tpp:240  getIntersectionIntervals(): Found 1 intersecting intervals.
140737353852736 DEBUG hypro.datastructures.hiv HierarchicalIntervalVector.tpp:128  hasEntry(): hasEntry: [3, 4], type P
140737353852736 DEBUG hypro.datastructures.hiv HierarchicalIntervalVector.tpp:203  getIntersectionIntervals(): In: [3, 4], type P, this: (5,B), (10,P), 
140737353852736 DEBUG hypro.datastructures.hiv HierarchicalIntervalVector.tpp:230  getIntersectionIntervals(): No matching time interval found - return false.
140737353852736 DEBUG hypro.datastructures.hiv HierarchicalIntervalVector.tpp:240  getIntersectionIntervals(): Found 0 intersecting intervals.
140737353852736 DEBUG hypro.datastructures.hiv HierarchicalIntervalVector.tpp:128  hasEntry(): hasEntry: [6, 7], type B
140737353852736 DEBUG hypro.datastructures.hiv HierarchicalIntervalVector.tpp:203  getIntersectionIntervals(): In: [6, 7], type B, this: (5,B), (10,P), 
140737353852736 DEBUG hypro.datastructures.hiv HierarchicalIntervalVector.tpp:240  getIntersectionIntervals(): Found 0 intersecting intervals.
140737353852736 DEBUG hypro.datastructures.hiv HierarchicalIntervalVector.tpp:19   insertInterval(): Insert interval [2, 7] of type P into: (10,B), 
140737353852736 DEBUG hypro.datastructures.hiv HierarchicalIntervalVector.tpp:63   insertInterval(): After insertion: (2,B), (7,P), (10,B), 
140737353852736 DEBUG hypro.datastructures.hiv HierarchicalIntervalVector.tpp:19   insertInterval(): Insert interval [3, 5] of type F into: (2,B), (7,P), (10,B), 
140737353852736 DEBUG hypro.datastructures.hiv HierarchicalIntervalVector.tpp:63   insertInterval(): After insertion: (2,B), (3,P), (5,F), (7,P), (10,B), 
140737353852736 DEBUG hypro.datastructures.hiv HierarchicalIntervalVector.tpp:19   insertInterval(): Insert interval [7, 8] of type F into: (2,B), (3,P), (5,F), (7,P), (10,B), 
140737353852736 DEBUG hypro.datastructures.hiv HierarchicalIntervalVector.tpp:63   insertInterval(): After insertion: (2,B), (3,P), (5,F), (7,P), (8,F), (10,B), 
140737353852736 DEBUG hypro.datastructures.hiv HierarchicalIntervalVector.tpp:203  getIntersectionIntervals(): In: [3, 5], type F, this: (2,B), (3,P), (5,F), (7,P), (8,F), (10,B), 
140737353852736 DEBUG hypro.datastructures.hiv HierarchicalIntervalVector.tpp:224  getIntersectionIntervals(): Bound and type match - return true.
140737353852736 DEBUG hypro.datastructures.hiv HierarchicalIntervalVector.tpp:230  getIntersectionIntervals(): No matching time interval found - return false.
140737353852736 DEBUG hypro.datastructures.hiv HierarchicalIntervalVector.tpp:240  getIntersectionIntervals(): Found 1 intersecting intervals.
140737353852736 DEBUG hypro.datastructures.hiv                  HIV_util.h:64   fullCover(): Intersecting interval: [3, 5]
140737353852736 DEBUG hypro.datastructures.hiv HierarchicalIntervalVector.tpp:169  coversEntry(): This: (2,B), (3,P), (5,F), (7,P), (8,F), (10,B),  covers entry: [3, 5], type F
140737353852736 DEBUG hypro.datastructures.hiv HierarchicalIntervalVector.tpp:203  getIntersectionIntervals(): In: [4, 5], type F, this: (2,B), (3,P), (5,F), (7,P), (8,F), (10,B), 
140737353852736 DEBUG hypro.datastructures.hiv HierarchicalIntervalVector.tpp:224  getIntersectionIntervals(): Bound and type match - return true.
140737353852736 DEBUG hypro.datastructures.hiv HierarchicalIntervalVector.tpp:230  getIntersectionIntervals(): No matching time interval found - return false.
140737353852736 DEBUG hypro.datastructures.hiv HierarchicalIntervalVector.tpp:240  getIntersectionIntervals(): Found 1 intersecting intervals.
140737353852736 DEBUG hypro.datastructures.hiv                  HIV_util.h:64   fullCover(): Intersecting interval: [4, 5]
140737353852736 DEBUG hypro.datastructures.hiv HierarchicalIntervalVector.tpp:169  coversEntry(): This: (2,B), (3,P), (5,F), (7,P), (8,F), (10,B),  covers entry: [4, 5], type F
140737353852736 DEBUG hypro.datastructures.hiv HierarchicalIntervalVector.tpp:203  getIntersectionIntervals(): In: [5, 7], type P, this: (2,B), (3,P), (5,F), (7,P), (8,F), (10,B), 
140737353852736 DEBUG hypro.datastructures.hiv HierarchicalIntervalVector.tpp:224  getIntersectionIntervals(): Bound and type match - return true.
140737353852736 DEBUG hypro.datastructures.hiv HierarchicalIntervalVector.tpp:230  getIntersectionIntervals(): No matching time interval found - return false.
140737353852736 DEBUG hypro.datastructures.hiv HierarchicalIntervalVector.tpp:240  getIntersectionIntervals(): Found 1 intersecting intervals.
140737353852736 DEBUG hypro.datastructures.hiv                  HIV_util.h:64   fullCover(): Intersecting interval: [5, 7]
140737353852736 DEBUG hypro.datastructures.hiv HierarchicalIntervalVector.tpp:169  coversEntry(): This: (2,B), (3,P), (5,F), (7,P), (8,F), (10,B),  covers entry: [5, 7], type P
140737353852736 DEBUG hypro.datastructures.hiv HierarchicalIntervalVector.tpp:203  getIntersectionIntervals(): In: [0, 10], type F, this: (2,B), (3,P), (5,F), (7,P), (8,F), (10,B), 
140737353852736 DEBUG hypro.datastructures.hiv HierarchicalIntervalVector.tpp:224  getIntersectionIntervals(): Bound and type match - return true.
140737353852736 DEBUG hypro.datastructures.hiv HierarchicalIntervalVector.tpp:224  getIntersectionIntervals(): Bound and type match - return true.
140737353852736 DEBUG hypro.datastructures.hiv HierarchicalIntervalVector.tpp:240  getIntersectionIntervals(): Found 2 intersecting intervals.
140737353852736 DEBUG hypro.datastructures.hiv HierarchicalIntervalVector.tpp:169  coversEntry(): This: (2,B), (3,P), (5,F), (7,P), (8,F), (10,B),  covers entry: [0, 10], type F
140737353852736 DEBUG hypro.datastructures.hiv HierarchicalIntervalVector.tpp:203  getIntersectionIntervals(): In: [4, 6], type F, this: (2,B), (3,P), (5,F), (7,P), (8,F), (10,B), 
140737353852736 DEBUG hypro.datastructures.hiv HierarchicalIntervalVector.tpp:224  getIntersectionIntervals(): Bound and type match - return true.
140737353852736 DEBUG hypro.datastructures.hiv HierarchicalIntervalVector.tpp:230  getIntersectionIntervals(): No matching time interval found - return false.
140737353852736 DEBUG hypro.datastructures.hiv HierarchicalIntervalVector.tpp:240  getIntersectionIntervals(): Found 1 intersecting intervals.
140737353852736 DEBUG hypro.datastructures.hiv                  HIV_util.h:64   fullCover(): Intersecting interval: [4, 5]
140737353852736 DEBUG hypro.datastructures.hiv HierarchicalIntervalVector.tpp:169  coversEntry(): This: (2,B), (3,P), (5,F), (7,P), (8,F), (10,B),  covers entry: [4, 6], type F
140737353852736 DEBUG hypro.datastructures.hiv HierarchicalIntervalVector.tpp:203  getIntersectionIntervals(): In: [4, 6], type P, this: (2,B), (3,P), (5,F), (7,P), (8,F), (10,B), 
140737353852736 DEBUG hypro.datastructures.hiv HierarchicalIntervalVector.tpp:224  getIntersectionIntervals(): Bound and type match - return true.
140737353852736 DEBUG hypro.datastructures.hiv HierarchicalIntervalVector.tpp:230  getIntersectionIntervals(): No matching time interval found - return false.
140737353852736 DEBUG hypro.datastructures.hiv HierarchicalIntervalVector.tpp:240  getIntersectionIntervals(): Found 1 intersecting intervals.
140737353852736 DEBUG hypro.datastructures.hiv                  HIV_util.h:64   fullCover(): Intersecting interval: [5, 6]
140737353852736 DEBUG hypro.datastructures.hiv HierarchicalIntervalVector.tpp:169  coversEntry(): This: (2,B), (3,P), (5,F), (7,P), (8,F), (10,B),  covers entry: [4, 6], type P
140737353852736 DEBUG hypro.datastructures.hiv HierarchicalIntervalVector.tpp:203  getIntersectionIntervals(): In: [5, 7], type F, this: (2,B), (3,P), (5,F), (7,P), (8,F), (10,B), 
140737353852736 DEBUG hypro.datastructures.hiv HierarchicalIntervalVector.tpp:224  getIntersectionIntervals(): Bound and type match - return true.
140737353852736 DEBUG hypro.datastructures.hiv HierarchicalIntervalVector.tpp:224  getIntersectionIntervals(): Bound and type match - return true.
140737353852736 DEBUG hypro.datastructures.hiv HierarchicalIntervalVector.tpp:230  getIntersectionIntervals(): No matching time interval found - return false.
140737353852736 DEBUG hypro.datastructures.hiv HierarchicalIntervalVector.tpp:240  getIntersectionIntervals(): Found 2 intersecting intervals.
140737353852736 DEBUG hypro.datastructures.hiv HierarchicalIntervalVector.tpp:169  coversEntry(): This: (2,B), (3,P), (5,F), (7,P), (8,F), (10,B),  covers entry: [5, 7], type F
140737353852736 DEBUG hypro.datastructures                       State.tpp:25   setSet(): Attempt to set set at pos 0, mSets.size() = 0
140737353852736 DEBUG hypro.datastructures                       State.tpp:36   setSet(): Set set at pos 0, mSets.size() = 1
