This file contains any messages produced by compilers while
running configure, to aid debugging if configure makes a mistake.

It was created by GLPK configure 4.54, which was
generated by GNU Autoconf 2.69.  Invocation command line was

  $ /Users/stefan/hybridsystems/repositories/hypro/src/resources/glpk-4.54/configure --prefix=/Users/stefan/hybridsystems/repositories/hypro/build/resources/glpk-4.54/ --with-gmp

## --------- ##
## Platform. ##
## --------- ##

hostname = informatik-2-137-226-194-157.nn.rwth-aachen.de
uname -m = x86_64
uname -r = 13.3.0
uname -s = Darwin
uname -v = Darwin Kernel Version 13.3.0: Tue Jun  3 21:27:35 PDT 2014; root:xnu-2422.110.17~1/RELEASE_X86_64

/usr/bin/uname -p = i386
/bin/uname -X     = unknown

/bin/arch              = unknown
/usr/bin/arch -k       = unknown
/usr/convex/getsysinfo = unknown
/usr/bin/hostinfo      = Mach kernel version:
	 Darwin Kernel Version 13.3.0: Tue Jun  3 21:27:35 PDT 2014; root:xnu-2422.110.17~1/RELEASE_X86_64
Kernel configured for up to 4 processors.
2 processors are physically available.
4 processors are logically available.
Processor type: i486 (Intel 80486)
Processors active: 0 1 2 3
Primary memory available: 8.00 gigabytes
Default processor set: 230 tasks, 1155 threads, 4 processors
Load average: 4.77, Mach factor: 1.46
/bin/machine           = unknown
/usr/bin/oslevel       = unknown
/bin/universe          = unknown

PATH: /Library/Frameworks/Python.framework/Versions/3.4/bin
PATH: /opt/subversion/bin
PATH: /opt/local/bin
PATH: /opt/local/sbin
PATH: /usr/bin
PATH: /bin
PATH: /usr/sbin
PATH: /sbin
PATH: /usr/local/bin
PATH: /usr/local/MacGPG2/bin
PATH: /usr/texbin


## ----------- ##
## Core tests. ##
## ----------- ##

configure:2256: checking for a BSD-compatible install
configure:2324: result: /usr/bin/install -c
configure:2335: checking whether build environment is sane
configure:2390: result: yes
configure:2541: checking for a thread-safe mkdir -p
configure:2580: result: ./install-sh -c -d
configure:2587: checking for gawk
configure:2617: result: no
configure:2587: checking for mawk
configure:2617: result: no
configure:2587: checking for nawk
configure:2617: result: no
configure:2587: checking for awk
configure:2603: found /usr/bin/awk
configure:2614: result: awk
configure:2625: checking whether make sets $(MAKE)
configure:2647: result: yes
configure:2834: checking for gcc
configure:2861: result: clang
configure:3090: checking for C compiler version
configure:3099: clang --version >&5
Apple LLVM version 5.1 (clang-503.0.40) (based on LLVM 3.4svn)
Target: x86_64-apple-darwin13.3.0
Thread model: posix
configure:3110: $? = 0
configure:3099: clang -v >&5
Apple LLVM version 5.1 (clang-503.0.40) (based on LLVM 3.4svn)
Target: x86_64-apple-darwin13.3.0
Thread model: posix
configure:3110: $? = 0
configure:3099: clang -V >&5
clang: error: argument to '-V' is missing (expected 1 value)
clang: error: no input files
configure:3110: $? = 1
configure:3099: clang -qversion >&5
clang: error: unknown argument: '-qversion' [-Wunused-command-line-argument-hard-error-in-future]
clang: note: this will be a hard error (cannot be downgraded to a warning) in the future
clang: error: no input files
configure:3110: $? = 1
configure:3130: checking whether the C compiler works
configure:3152: clang   -L/usr/local/lib conftest.c  >&5
configure:3156: $? = 0
configure:3204: result: yes
configure:3207: checking for C compiler default output file name
configure:3209: result: a.out
configure:3215: checking for suffix of executables
configure:3222: clang -o conftest   -L/usr/local/lib conftest.c  >&5
configure:3226: $? = 0
configure:3248: result: 
configure:3270: checking whether we are cross compiling
configure:3278: clang -o conftest   -L/usr/local/lib conftest.c  >&5
configure:3282: $? = 0
configure:3289: ./conftest
configure:3293: $? = 0
configure:3308: result: no
configure:3313: checking for suffix of object files
configure:3335: clang -c   conftest.c >&5
configure:3339: $? = 0
configure:3360: result: o
configure:3364: checking whether we are using the GNU C compiler
configure:3383: clang -c   conftest.c >&5
configure:3383: $? = 0
configure:3392: result: yes
configure:3401: checking whether clang accepts -g
configure:3421: clang -c -g  conftest.c >&5
configure:3421: $? = 0
configure:3462: result: yes
configure:3479: checking for clang option to accept ISO C89
configure:3542: clang  -c -g -O2  conftest.c >&5
configure:3542: $? = 0
configure:3555: result: none needed
configure:3586: checking for style of include used by make
configure:3614: result: GNU
configure:3640: checking dependency style of clang
configure:3751: result: gcc3
configure:3796: checking build system type
configure:3810: result: x86_64-apple-darwin13.3.0
configure:3830: checking host system type
configure:3843: result: x86_64-apple-darwin13.3.0
configure:3884: checking how to print strings
configure:3911: result: printf
configure:3932: checking for a sed that does not truncate output
configure:3996: result: /usr/bin/sed
configure:4014: checking for grep that handles long lines and -e
configure:4072: result: /usr/bin/grep
configure:4077: checking for egrep
configure:4139: result: /usr/bin/grep -E
configure:4144: checking for fgrep
configure:4206: result: /usr/bin/grep -F
configure:4241: checking for ld used by clang
configure:4308: result: /Applications/Xcode.app/Contents/Developer/Toolchains/XcodeDefault.xctoolchain/usr/bin/ld
configure:4315: checking if the linker (/Applications/Xcode.app/Contents/Developer/Toolchains/XcodeDefault.xctoolchain/usr/bin/ld) is GNU ld
configure:4330: result: no
configure:4342: checking for BSD- or MS-compatible name lister (nm)
configure:4391: result: /usr/bin/nm
configure:4521: checking the name lister (/usr/bin/nm) interface
configure:4528: clang -c -g -O2  conftest.c >&5
configure:4531: /usr/bin/nm "conftest.o"
configure:4534: output
0000000000000244 S _some_variable
configure:4541: result: BSD nm
configure:4544: checking whether ln -s works
configure:4548: result: yes
configure:4556: checking the maximum length of command line arguments
configure:4681: result: 196608
configure:4698: checking whether the shell understands some XSI constructs
configure:4708: result: yes
configure:4712: checking whether the shell understands "+="
configure:4718: result: yes
configure:4753: checking how to convert x86_64-apple-darwin13.3.0 file names to x86_64-apple-darwin13.3.0 format
configure:4793: result: func_convert_file_noop
configure:4800: checking how to convert x86_64-apple-darwin13.3.0 file names to toolchain format
configure:4820: result: func_convert_file_noop
configure:4827: checking for /Applications/Xcode.app/Contents/Developer/Toolchains/XcodeDefault.xctoolchain/usr/bin/ld option to reload object files
configure:4834: result: -r
configure:4908: checking for objdump
configure:4938: result: no
configure:4967: checking how to recognize dependent libraries
configure:5169: result: pass_all
configure:5254: checking for dlltool
configure:5284: result: no
configure:5314: checking how to associate runtime and link libraries
configure:5341: result: printf %s\n
configure:5402: checking for ar
configure:5418: found /usr/bin/ar
configure:5429: result: ar
configure:5466: checking for archiver @FILE support
configure:5483: clang -c -g -O2  conftest.c >&5
configure:5483: $? = 0
configure:5486: ar cru libconftest.a @conftest.lst >&5
ar: @conftest.lst: No such file or directory
configure:5489: $? = 1
configure:5509: result: no
configure:5567: checking for strip
configure:5583: found /usr/bin/strip
configure:5594: result: strip
configure:5666: checking for ranlib
configure:5682: found /usr/bin/ranlib
configure:5693: result: ranlib
configure:5795: checking command to parse /usr/bin/nm output from clang object
configure:5914: clang -c -g -O2  conftest.c >&5
configure:5917: $? = 0
configure:5921: /usr/bin/nm conftest.o \| sed -n -e 's/^.*[ ]\([BCDEGRST][BCDEGRST]*\)[ ][ ]*\([_A-Za-z][_A-Za-z0-9]*\)$/\1 \2 \2/p' | sed '/ __gnu_lto/d' \> conftest.nm
configure:5924: $? = 0
cannot find nm_test_var in conftest.nm
configure:5914: clang -c -g -O2  conftest.c >&5
configure:5917: $? = 0
configure:5921: /usr/bin/nm conftest.o \| sed -n -e 's/^.*[ ]\([BCDEGRST][BCDEGRST]*\)[ ][ ]*_\([_A-Za-z][_A-Za-z0-9]*\)$/\1 _\2 \2/p' | sed '/ __gnu_lto/d' \> conftest.nm
configure:5924: $? = 0
configure:5990: clang -o conftest -g -O2  -L/usr/local/lib conftest.c conftstm.o >&5
configure:5993: $? = 0
configure:6031: result: ok
configure:6068: checking for sysroot
configure:6098: result: no
configure:6341: checking for mt
configure:6371: result: no
configure:6391: checking if : is a manifest tool
configure:6397: : '-?'
configure:6405: result: no
configure:6461: checking for dsymutil
configure:6477: found /usr/bin/dsymutil
configure:6488: result: dsymutil
configure:6553: checking for nmedit
configure:6569: found /usr/bin/nmedit
configure:6580: result: nmedit
configure:6645: checking for lipo
configure:6661: found /usr/bin/lipo
configure:6672: result: lipo
configure:6737: checking for otool
configure:6753: found /usr/bin/otool
configure:6764: result: otool
configure:6829: checking for otool64
configure:6859: result: no
configure:6904: checking for -single_module linker flag
clang -g -O2 -L/usr/local/lib -o libconftest.dylib -dynamiclib -Wl,-single_module conftest.c
configure:6931: result: yes
configure:6933: checking for -exported_symbols_list linker flag
configure:6953: clang -o conftest -g -O2  -L/usr/local/lib -Wl,-exported_symbols_list,conftest.sym conftest.c  >&5
configure:6953: $? = 0
configure:6963: result: yes
configure:6965: checking for -force_load linker flag
clang -g -O2 -c -o conftest.o conftest.c
ar cru libconftest.a conftest.o
ranlib libconftest.a
clang -g -O2 -L/usr/local/lib -o conftest conftest.c -Wl,-force_load,./libconftest.a
configure:6995: result: yes
configure:7037: checking how to run the C preprocessor
configure:7068: clang -E  conftest.c
configure:7068: $? = 0
configure:7082: clang -E  conftest.c
conftest.c:11:10: fatal error: 'ac_nonexistent.h' file not found
#include <ac_nonexistent.h>
         ^
1 error generated.
configure:7082: $? = 1
configure: failed program was:
| /* confdefs.h */
| #define PACKAGE_NAME "GLPK"
| #define PACKAGE_TARNAME "glpk"
| #define PACKAGE_VERSION "4.54"
| #define PACKAGE_STRING "GLPK 4.54"
| #define PACKAGE_BUGREPORT "bug-glpk@gnu.org"
| #define PACKAGE_URL ""
| #define PACKAGE "glpk"
| #define VERSION "4.54"
| /* end confdefs.h.  */
| #include <ac_nonexistent.h>
configure:7107: result: clang -E
configure:7127: clang -E  conftest.c
configure:7127: $? = 0
configure:7141: clang -E  conftest.c
conftest.c:11:10: fatal error: 'ac_nonexistent.h' file not found
#include <ac_nonexistent.h>
         ^
1 error generated.
configure:7141: $? = 1
configure: failed program was:
| /* confdefs.h */
| #define PACKAGE_NAME "GLPK"
| #define PACKAGE_TARNAME "glpk"
| #define PACKAGE_VERSION "4.54"
| #define PACKAGE_STRING "GLPK 4.54"
| #define PACKAGE_BUGREPORT "bug-glpk@gnu.org"
| #define PACKAGE_URL ""
| #define PACKAGE "glpk"
| #define VERSION "4.54"
| /* end confdefs.h.  */
| #include <ac_nonexistent.h>
configure:7170: checking for ANSI C header files
configure:7190: clang -c -g -O2  conftest.c >&5
configure:7190: $? = 0
configure:7263: clang -o conftest -g -O2  -L/usr/local/lib conftest.c  >&5
configure:7263: $? = 0
configure:7263: ./conftest
configure:7263: $? = 0
configure:7274: result: yes
configure:7287: checking for sys/types.h
configure:7287: clang -c -g -O2  conftest.c >&5
configure:7287: $? = 0
configure:7287: result: yes
configure:7287: checking for sys/stat.h
configure:7287: clang -c -g -O2  conftest.c >&5
configure:7287: $? = 0
configure:7287: result: yes
configure:7287: checking for stdlib.h
configure:7287: clang -c -g -O2  conftest.c >&5
configure:7287: $? = 0
configure:7287: result: yes
configure:7287: checking for string.h
configure:7287: clang -c -g -O2  conftest.c >&5
configure:7287: $? = 0
configure:7287: result: yes
configure:7287: checking for memory.h
configure:7287: clang -c -g -O2  conftest.c >&5
configure:7287: $? = 0
configure:7287: result: yes
configure:7287: checking for strings.h
configure:7287: clang -c -g -O2  conftest.c >&5
configure:7287: $? = 0
configure:7287: result: yes
configure:7287: checking for inttypes.h
configure:7287: clang -c -g -O2  conftest.c >&5
configure:7287: $? = 0
configure:7287: result: yes
configure:7287: checking for stdint.h
configure:7287: clang -c -g -O2  conftest.c >&5
configure:7287: $? = 0
configure:7287: result: yes
configure:7287: checking for unistd.h
configure:7287: clang -c -g -O2  conftest.c >&5
configure:7287: $? = 0
configure:7287: result: yes
configure:7301: checking for dlfcn.h
configure:7301: clang -c -g -O2  conftest.c >&5
configure:7301: $? = 0
configure:7301: result: yes
configure:7488: checking for objdir
configure:7503: result: .libs
configure:7774: checking if clang supports -fno-rtti -fno-exceptions
configure:7792: clang -c -g -O2  -fno-rtti -fno-exceptions conftest.c >&5
configure:7796: $? = 0
configure:7809: result: yes
configure:8119: checking for clang option to produce PIC
configure:8126: result: -fno-common -DPIC
configure:8134: checking if clang PIC flag -fno-common -DPIC works
configure:8152: clang -c -g -O2  -fno-common -DPIC -DPIC conftest.c >&5
configure:8156: $? = 0
configure:8169: result: yes
configure:8198: checking if clang static flag -static works
configure:8226: result: no
configure:8241: checking if clang supports -c -o file.o
configure:8262: clang -c -g -O2  -o out/conftest2.o conftest.c >&5
configure:8266: $? = 0
configure:8288: result: yes
configure:8296: checking if clang supports -c -o file.o
configure:8343: result: yes
configure:8376: checking whether the clang linker (/Applications/Xcode.app/Contents/Developer/Toolchains/XcodeDefault.xctoolchain/usr/bin/ld) supports shared libraries
configure:9534: result: yes
configure:9779: checking dynamic linker characteristics
configure:10515: result: darwin13.3.0 dyld
configure:10622: checking how to hardcode library paths into programs
configure:10647: result: immediate
configure:11187: checking whether stripping libraries is possible
configure:11201: result: yes
configure:11227: checking if libtool supports shared libraries
configure:11229: result: yes
configure:11232: checking whether to build shared libraries
configure:11253: result: yes
configure:11256: checking whether to build static libraries
configure:11260: result: yes
configure:11296: checking for exp in -lm
configure:11321: clang -o conftest -g -O2  -L/usr/local/lib conftest.c -lm   >&5
conftest.c:30:6: warning: incompatible redeclaration of library function 'exp' [-Wincompatible-library-redeclaration]
char exp ();
     ^
conftest.c:30:6: note: 'exp' is a builtin with type 'double (double)'
1 warning generated.
configure:11321: $? = 0
configure:11330: result: yes
configure:11342: checking sys/time.h usability
configure:11342: clang -c -g -O2  conftest.c >&5
configure:11342: $? = 0
configure:11342: result: yes
configure:11342: checking sys/time.h presence
configure:11342: clang -E  conftest.c
configure:11342: $? = 0
configure:11342: result: yes
configure:11342: checking for sys/time.h
configure:11342: result: yes
configure:11351: checking for gettimeofday
configure:11351: clang -o conftest -g -O2  -L/usr/local/lib conftest.c -lm  >&5
configure:11351: $? = 0
configure:11351: result: yes
configure:11360: checking gmp.h usability
configure:11360: clang -c -g -O2  conftest.c >&5
configure:11360: $? = 0
configure:11360: result: yes
configure:11360: checking gmp.h presence
configure:11360: clang -E  conftest.c
configure:11360: $? = 0
configure:11360: result: yes
configure:11360: checking for gmp.h
configure:11360: result: yes
configure:11370: checking whether to use GNU MP bignum library
configure:11373: result: yes
configure:11384: checking whether to enable shared library support
configure:11407: result: no
configure:11424: checking whether to enable MathProg ODBC support
configure:11450: result: no
configure:11454: checking whether to enable MathProg MySQL support
configure:11469: result: no
configure:11584: checking that generated files are newer than configure
configure:11590: result: done
configure:11613: creating ./config.status

## ---------------------- ##
## Running config.status. ##
## ---------------------- ##

This file was extended by GLPK config.status 4.54, which was
generated by GNU Autoconf 2.69.  Invocation command line was

  CONFIG_FILES    = 
  CONFIG_HEADERS  = 
  CONFIG_LINKS    = 
  CONFIG_COMMANDS = 
  $ ./config.status 

on informatik-2-137-226-194-157.nn.rwth-aachen.de

config.status:1079: creating src/Makefile
config.status:1079: creating examples/Makefile
config.status:1079: creating Makefile
config.status:1079: creating config.h
config.status:1260: config.h is unchanged
config.status:1308: executing depfiles commands
config.status:1308: executing libtool commands

## ---------------- ##
## Cache variables. ##
## ---------------- ##

ac_cv_build=x86_64-apple-darwin13.3.0
ac_cv_c_compiler_gnu=yes
ac_cv_env_CC_set=set
ac_cv_env_CC_value=clang
ac_cv_env_CFLAGS_set=
ac_cv_env_CFLAGS_value=
ac_cv_env_CPPFLAGS_set=
ac_cv_env_CPPFLAGS_value=
ac_cv_env_CPP_set=
ac_cv_env_CPP_value=
ac_cv_env_LDFLAGS_set=set
ac_cv_env_LDFLAGS_value=-L/usr/local/lib
ac_cv_env_LIBS_set=
ac_cv_env_LIBS_value=
ac_cv_env_build_alias_set=
ac_cv_env_build_alias_value=
ac_cv_env_host_alias_set=
ac_cv_env_host_alias_value=
ac_cv_env_target_alias_set=
ac_cv_env_target_alias_value=
ac_cv_func_gettimeofday=yes
ac_cv_header_dlfcn_h=yes
ac_cv_header_gmp_h=yes
ac_cv_header_inttypes_h=yes
ac_cv_header_memory_h=yes
ac_cv_header_stdc=yes
ac_cv_header_stdint_h=yes
ac_cv_header_stdlib_h=yes
ac_cv_header_string_h=yes
ac_cv_header_strings_h=yes
ac_cv_header_sys_stat_h=yes
ac_cv_header_sys_time_h=yes
ac_cv_header_sys_types_h=yes
ac_cv_header_unistd_h=yes
ac_cv_host=x86_64-apple-darwin13.3.0
ac_cv_lib_m_exp=yes
ac_cv_objext=o
ac_cv_path_EGREP='/usr/bin/grep -E'
ac_cv_path_FGREP='/usr/bin/grep -F'
ac_cv_path_GREP=/usr/bin/grep
ac_cv_path_SED=/usr/bin/sed
ac_cv_path_install='/usr/bin/install -c'
ac_cv_prog_AWK=awk
ac_cv_prog_CPP='clang -E'
ac_cv_prog_ac_ct_AR=ar
ac_cv_prog_ac_ct_CC=clang
ac_cv_prog_ac_ct_DSYMUTIL=dsymutil
ac_cv_prog_ac_ct_LIPO=lipo
ac_cv_prog_ac_ct_NMEDIT=nmedit
ac_cv_prog_ac_ct_OTOOL=otool
ac_cv_prog_ac_ct_RANLIB=ranlib
ac_cv_prog_ac_ct_STRIP=strip
ac_cv_prog_cc_c89=
ac_cv_prog_cc_g=yes
ac_cv_prog_make_make_set=yes
am_cv_CC_dependencies_compiler_type=gcc3
lt_cv_apple_cc_single_mod=yes
lt_cv_ar_at_file=no
lt_cv_deplibs_check_method=pass_all
lt_cv_file_magic_cmd='$MAGIC_CMD'
lt_cv_file_magic_test_file=
lt_cv_ld_exported_symbols_list=yes
lt_cv_ld_force_load=yes
lt_cv_ld_reload_flag=-r
lt_cv_nm_interface='BSD nm'
lt_cv_objdir=.libs
lt_cv_path_LD=/Applications/Xcode.app/Contents/Developer/Toolchains/XcodeDefault.xctoolchain/usr/bin/ld
lt_cv_path_NM=/usr/bin/nm
lt_cv_path_mainfest_tool=no
lt_cv_prog_compiler_c_o=yes
lt_cv_prog_compiler_pic='-fno-common -DPIC'
lt_cv_prog_compiler_pic_works=yes
lt_cv_prog_compiler_rtti_exceptions=yes
lt_cv_prog_compiler_static_works=no
lt_cv_prog_gnu_ld=no
lt_cv_sharedlib_from_linklib_cmd='printf %s\n'
lt_cv_sys_global_symbol_pipe='sed -n -e '\''s/^.*[	 ]\([BCDEGRST][BCDEGRST]*\)[	 ][	 ]*_\([_A-Za-z][_A-Za-z0-9]*\)$/\1 _\2 \2/p'\'' | sed '\''/ __gnu_lto/d'\'''
lt_cv_sys_global_symbol_to_c_name_address='sed -n -e '\''s/^: \([^ ]*\)[ ]*$/  {\"\1\", (void *) 0},/p'\'' -e '\''s/^[BCDEGRST]* \([^ ]*\) \([^ ]*\)$/  {"\2", (void *) \&\2},/p'\'''
lt_cv_sys_global_symbol_to_c_name_address_lib_prefix='sed -n -e '\''s/^: \([^ ]*\)[ ]*$/  {\"\1\", (void *) 0},/p'\'' -e '\''s/^[BCDEGRST]* \([^ ]*\) \(lib[^ ]*\)$/  {"\2", (void *) \&\2},/p'\'' -e '\''s/^[BCDEGRST]* \([^ ]*\) \([^ ]*\)$/  {"lib\2", (void *) \&\2},/p'\'''
lt_cv_sys_global_symbol_to_cdecl='sed -n -e '\''s/^T .* \(.*\)$/extern int \1();/p'\'' -e '\''s/^[BCDEGRST]* .* \(.*\)$/extern char \1;/p'\'''
lt_cv_sys_max_cmd_len=196608
lt_cv_to_host_file_cmd=func_convert_file_noop
lt_cv_to_tool_file_cmd=func_convert_file_noop

## ----------------- ##
## Output variables. ##
## ----------------- ##

ACLOCAL='${SHELL} /Users/stefan/hybridsystems/repositories/hypro/src/resources/glpk-4.54/missing --run aclocal-1.12'
AMDEPBACKSLASH='\'
AMDEP_FALSE='#'
AMDEP_TRUE=''
AMTAR='$${TAR-tar}'
AR='ar'
AUTOCONF='${SHELL} /Users/stefan/hybridsystems/repositories/hypro/src/resources/glpk-4.54/missing --run autoconf'
AUTOHEADER='${SHELL} /Users/stefan/hybridsystems/repositories/hypro/src/resources/glpk-4.54/missing --run autoheader'
AUTOMAKE='${SHELL} /Users/stefan/hybridsystems/repositories/hypro/src/resources/glpk-4.54/missing --run automake-1.12'
AWK='awk'
CC='clang'
CCDEPMODE='depmode=gcc3'
CFLAGS='-g -O2'
CPP='clang -E'
CPPFLAGS=''
CYGPATH_W='echo'
DEFS='-DHAVE_CONFIG_H'
DEPDIR='.deps'
DLLTOOL='false'
DSYMUTIL='dsymutil'
DUMPBIN=''
ECHO_C='\c'
ECHO_N=''
ECHO_T=''
EGREP='/usr/bin/grep -E'
EXEEXT=''
FGREP='/usr/bin/grep -F'
GREP='/usr/bin/grep'
INSTALL_DATA='${INSTALL} -m 644'
INSTALL_PROGRAM='${INSTALL}'
INSTALL_SCRIPT='${INSTALL}'
INSTALL_STRIP_PROGRAM='$(install_sh) -c -s'
LD='/Applications/Xcode.app/Contents/Developer/Toolchains/XcodeDefault.xctoolchain/usr/bin/ld'
LDFLAGS='-L/usr/local/lib'
LIBOBJS=''
LIBS='-lgmp -lm '
LIBTOOL='$(SHELL) $(top_builddir)/libtool'
LIPO='lipo'
LN_S='ln -s'
LTLIBOBJS=''
MAKEINFO='${SHELL} /Users/stefan/hybridsystems/repositories/hypro/src/resources/glpk-4.54/missing --run makeinfo'
MANIFEST_TOOL=':'
MKDIR_P='./install-sh -c -d'
NM='/usr/bin/nm'
NMEDIT='nmedit'
OBJDUMP='false'
OBJEXT='o'
OTOOL64=':'
OTOOL='otool'
PACKAGE='glpk'
PACKAGE_BUGREPORT='bug-glpk@gnu.org'
PACKAGE_NAME='GLPK'
PACKAGE_STRING='GLPK 4.54'
PACKAGE_TARNAME='glpk'
PACKAGE_URL=''
PACKAGE_VERSION='4.54'
PATH_SEPARATOR=':'
RANLIB='ranlib'
SED='/usr/bin/sed'
SET_MAKE=''
SHELL='/bin/sh'
STRIP='strip'
VERSION='4.54'
ac_ct_AR='ar'
ac_ct_CC='clang'
ac_ct_DUMPBIN=''
am__EXEEXT_FALSE=''
am__EXEEXT_TRUE='#'
am__fastdepCC_FALSE='#'
am__fastdepCC_TRUE=''
am__include='include'
am__isrc=''
am__leading_dot='.'
am__nodep='_no'
am__quote=''
am__tar='$${TAR-tar} chof - "$$tardir"'
am__untar='$${TAR-tar} xf -'
bindir='${exec_prefix}/bin'
build='x86_64-apple-darwin13.3.0'
build_alias=''
build_cpu='x86_64'
build_os='darwin13.3.0'
build_vendor='apple'
datadir='${datarootdir}'
datarootdir='${prefix}/share'
docdir='${datarootdir}/doc/${PACKAGE_TARNAME}'
dvidir='${docdir}'
exec_prefix='${prefix}'
host='x86_64-apple-darwin13.3.0'
host_alias=''
host_cpu='x86_64'
host_os='darwin13.3.0'
host_vendor='apple'
htmldir='${docdir}'
includedir='${prefix}/include'
infodir='${datarootdir}/info'
install_sh='${SHELL} /Users/stefan/hybridsystems/repositories/hypro/src/resources/glpk-4.54/install-sh'
libdir='${exec_prefix}/lib'
libexecdir='${exec_prefix}/libexec'
localedir='${datarootdir}/locale'
localstatedir='${prefix}/var'
mandir='${datarootdir}/man'
mkdir_p='$(MKDIR_P)'
oldincludedir='/usr/include'
pdfdir='${docdir}'
prefix='/Users/stefan/hybridsystems/repositories/hypro/build/resources/glpk-4.54'
program_transform_name='s,x,x,'
psdir='${docdir}'
sbindir='${exec_prefix}/sbin'
sharedstatedir='${prefix}/com'
sysconfdir='${prefix}/etc'
target_alias=''

## ----------- ##
## confdefs.h. ##
## ----------- ##

/* confdefs.h */
#define PACKAGE_NAME "GLPK"
#define PACKAGE_TARNAME "glpk"
#define PACKAGE_VERSION "4.54"
#define PACKAGE_STRING "GLPK 4.54"
#define PACKAGE_BUGREPORT "bug-glpk@gnu.org"
#define PACKAGE_URL ""
#define PACKAGE "glpk"
#define VERSION "4.54"
#define STDC_HEADERS 1
#define HAVE_SYS_TYPES_H 1
#define HAVE_SYS_STAT_H 1
#define HAVE_STDLIB_H 1
#define HAVE_STRING_H 1
#define HAVE_MEMORY_H 1
#define HAVE_STRINGS_H 1
#define HAVE_INTTYPES_H 1
#define HAVE_STDINT_H 1
#define HAVE_UNISTD_H 1
#define HAVE_DLFCN_H 1
#define LT_OBJDIR ".libs/"
#define HAVE_LIBM 1
#define HAVE_SYS_TIME_H 1
#define HAVE_GETTIMEOFDAY 1
#define HAVE_GMP 1

configure: exit 0
