This file contains any messages produced by compilers while
running configure, to aid debugging if configure makes a mistake.

It was created by GLPK configure 4.45, which was
generated by GNU Autoconf 2.65.  Invocation command line was

  $ ./configure --prefix=/home/stefan/hybridsystems/repositories/hypro/build/resources/glpk-4.45/ --with-gmp

## --------- ##
## Platform. ##
## --------- ##

hostname = amphitryon
uname -m = x86_64
uname -r = 4.10.0-14-generic
uname -s = Linux
uname -v = #16-Ubuntu SMP Fri Mar 17 15:19:26 UTC 2017

/usr/bin/uname -p = unknown
/bin/uname -X     = unknown

/bin/arch              = unknown
/usr/bin/arch -k       = unknown
/usr/convex/getsysinfo = unknown
/usr/bin/hostinfo      = unknown
/bin/machine           = unknown
/usr/bin/oslevel       = unknown
/bin/universe          = unknown

PATH: /home/stefan/bin
PATH: /usr/local/sbin
PATH: /usr/local/bin
PATH: /usr/sbin
PATH: /usr/bin
PATH: /sbin
PATH: /bin
PATH: /usr/games
PATH: /usr/local/games
PATH: /snap/bin


## ----------- ##
## Core tests. ##
## ----------- ##

configure:2219: checking for a BSD-compatible install
configure:2287: result: /usr/bin/install -c
configure:2298: checking whether build environment is sane
configure:2348: result: yes
configure:2489: checking for a thread-safe mkdir -p
configure:2528: result: /bin/mkdir -p
configure:2541: checking for gawk
configure:2557: found /usr/bin/gawk
configure:2568: result: gawk
configure:2579: checking whether make sets $(MAKE)
configure:2601: result: yes
configure:2794: checking for gcc
configure:2810: found /usr/bin/gcc
configure:2821: result: gcc
configure:3050: checking for C compiler version
configure:3059: gcc --version >&5
gcc (Ubuntu 7-20170407-0ubuntu2) 7.0.1 20170407 (experimental) [trunk revision 246759]
Copyright (C) 2017 Free Software Foundation, Inc.
This is free software; see the source for copying conditions.  There is NO
warranty; not even for MERCHANTABILITY or FITNESS FOR A PARTICULAR PURPOSE.

configure:3070: $? = 0
configure:3059: gcc -v >&5
Using built-in specs.
COLLECT_GCC=gcc
COLLECT_LTO_WRAPPER=/usr/lib/gcc/x86_64-linux-gnu/7/lto-wrapper
OFFLOAD_TARGET_NAMES=nvptx-none
OFFLOAD_TARGET_DEFAULT=1
Target: x86_64-linux-gnu
Configured with: ../src/configure -v --with-pkgversion='Ubuntu 7-20170407-0ubuntu2' --with-bugurl=file:///usr/share/doc/gcc-7/README.Bugs --enable-languages=c,ada,c++,go,brig,d,fortran,objc,obj-c++ --prefix=/usr --with-gcc-major-version-only --program-suffix=-7 --program-prefix=x86_64-linux-gnu- --enable-shared --enable-linker-build-id --libexecdir=/usr/lib --without-included-gettext --enable-threads=posix --libdir=/usr/lib --enable-nls --with-sysroot=/ --enable-clocale=gnu --enable-libstdcxx-debug --enable-libstdcxx-time=yes --with-default-libstdcxx-abi=new --enable-gnu-unique-object --disable-vtable-verify --enable-libmpx --enable-plugin --enable-default-pie --with-system-zlib --with-target-system-zlib --enable-objc-gc=auto --enable-multiarch --disable-werror --with-arch-32=i686 --with-abi=m64 --with-multilib-list=m32,m64,mx32 --enable-multilib --with-tune=generic --enable-offload-targets=nvptx-none --without-cuda-driver --enable-checking=release --build=x86_64-linux-gnu --host=x86_64-linux-gnu --target=x86_64-linux-gnu
Thread model: posix
gcc version 7.0.1 20170407 (experimental) [trunk revision 246759] (Ubuntu 7-20170407-0ubuntu2) 
configure:3070: $? = 0
configure:3059: gcc -V >&5
gcc: error: unrecognized command line option '-V'
gcc: fatal error: no input files
compilation terminated.
configure:3070: $? = 1
configure:3059: gcc -qversion >&5
gcc: error: unrecognized command line option '-qversion'; did you mean '--version'?
gcc: fatal error: no input files
compilation terminated.
configure:3070: $? = 1
configure:3090: checking whether the C compiler works
configure:3112: gcc    conftest.c  >&5
configure:3116: $? = 0
configure:3165: result: yes
configure:3168: checking for C compiler default output file name
configure:3170: result: a.out
configure:3176: checking for suffix of executables
configure:3183: gcc -o conftest    conftest.c  >&5
configure:3187: $? = 0
configure:3209: result: 
configure:3231: checking whether we are cross compiling
configure:3239: gcc -o conftest    conftest.c  >&5
configure:3243: $? = 0
configure:3250: ./conftest
configure:3254: $? = 0
configure:3269: result: no
configure:3274: checking for suffix of object files
configure:3296: gcc -c   conftest.c >&5
configure:3300: $? = 0
configure:3321: result: o
configure:3325: checking whether we are using the GNU C compiler
configure:3344: gcc -c   conftest.c >&5
configure:3344: $? = 0
configure:3353: result: yes
configure:3362: checking whether gcc accepts -g
configure:3382: gcc -c -g  conftest.c >&5
configure:3382: $? = 0
configure:3423: result: yes
configure:3440: checking for gcc option to accept ISO C89
configure:3504: gcc  -c -g -O2  conftest.c >&5
configure:3504: $? = 0
configure:3517: result: none needed
configure:3548: checking for style of include used by make
configure:3576: result: GNU
configure:3601: checking dependency style of gcc
configure:3711: result: gcc3
configure:3756: checking build system type
configure:3770: result: x86_64-unknown-linux-gnu
configure:3790: checking host system type
configure:3803: result: x86_64-unknown-linux-gnu
configure:3844: checking how to print strings
configure:3871: result: printf
configure:3892: checking for a sed that does not truncate output
configure:3956: result: /bin/sed
configure:3974: checking for grep that handles long lines and -e
configure:4032: result: /bin/grep
configure:4037: checking for egrep
configure:4099: result: /bin/grep -E
configure:4104: checking for fgrep
configure:4166: result: /bin/grep -F
configure:4201: checking for ld used by gcc
configure:4268: result: /usr/bin/ld
configure:4275: checking if the linker (/usr/bin/ld) is GNU ld
configure:4290: result: yes
configure:4302: checking for BSD- or MS-compatible name lister (nm)
configure:4351: result: /usr/bin/nm -B
configure:4481: checking the name lister (/usr/bin/nm -B) interface
configure:4488: gcc -c -g -O2  conftest.c >&5
configure:4491: /usr/bin/nm -B "conftest.o"
configure:4494: output
0000000000000000 B some_variable
configure:4501: result: BSD nm
configure:4504: checking whether ln -s works
configure:4508: result: yes
configure:4516: checking the maximum length of command line arguments
configure:4641: result: 1572864
configure:4658: checking whether the shell understands some XSI constructs
configure:4668: result: yes
configure:4672: checking whether the shell understands "+="
configure:4678: result: yes
configure:4713: checking how to convert x86_64-unknown-linux-gnu paths to x86_64-unknown-linux-gnu format
configure:4753: result: func_noop_path_convert
configure:4760: checking for /usr/bin/ld option to reload object files
configure:4767: result: -r
configure:4836: checking for objdump
configure:4852: found /usr/bin/objdump
configure:4863: result: objdump
configure:4895: checking how to recognize dependent libraries
configure:5096: result: pass_all
configure:5156: checking for dlltool
configure:5186: result: no
configure:5216: checking how to associate runtime and link libraries
configure:5243: result: printf %s\n
configure:5297: checking for ar
configure:5313: found /usr/bin/ar
configure:5324: result: ar
configure:5402: checking for strip
configure:5418: found /usr/bin/strip
configure:5429: result: strip
configure:5501: checking for ranlib
configure:5517: found /usr/bin/ranlib
configure:5528: result: ranlib
configure:5630: checking command to parse /usr/bin/nm -B output from gcc object
configure:5748: gcc -c -g -O2  conftest.c >&5
configure:5751: $? = 0
configure:5755: /usr/bin/nm -B conftest.o \| sed -n -e 's/^.*[ ]\([ABCDGIRSTW][ABCDGIRSTW]*\)[ ][ ]*\([_A-Za-z][_A-Za-z0-9]*\)$/\1 \2 \2/p' \> conftest.nm
configure:5758: $? = 0
configure:5812: gcc -o conftest -g -O2   conftest.c conftstm.o >&5
configure:5815: $? = 0
configure:5853: result: ok
configure:5949: gcc -c -g -O2  conftest.c >&5
configure:5952: $? = 0
configure:6692: checking how to run the C preprocessor
configure:6723: gcc -E  conftest.c
configure:6723: $? = 0
configure:6737: gcc -E  conftest.c
conftest.c:11:10: fatal error: ac_nonexistent.h: No such file or directory
 #include <ac_nonexistent.h>
          ^~~~~~~~~~~~~~~~~~
compilation terminated.
configure:6737: $? = 1
configure: failed program was:
| /* confdefs.h */
| #define PACKAGE_NAME "GLPK"
| #define PACKAGE_TARNAME "glpk"
| #define PACKAGE_VERSION "4.45"
| #define PACKAGE_STRING "GLPK 4.45"
| #define PACKAGE_BUGREPORT "bug-glpk@gnu.org"
| #define PACKAGE_URL ""
| #define PACKAGE "glpk"
| #define VERSION "4.45"
| /* end confdefs.h.  */
| #include <ac_nonexistent.h>
configure:6762: result: gcc -E
configure:6782: gcc -E  conftest.c
configure:6782: $? = 0
configure:6796: gcc -E  conftest.c
conftest.c:11:10: fatal error: ac_nonexistent.h: No such file or directory
 #include <ac_nonexistent.h>
          ^~~~~~~~~~~~~~~~~~
compilation terminated.
configure:6796: $? = 1
configure: failed program was:
| /* confdefs.h */
| #define PACKAGE_NAME "GLPK"
| #define PACKAGE_TARNAME "glpk"
| #define PACKAGE_VERSION "4.45"
| #define PACKAGE_STRING "GLPK 4.45"
| #define PACKAGE_BUGREPORT "bug-glpk@gnu.org"
| #define PACKAGE_URL ""
| #define PACKAGE "glpk"
| #define VERSION "4.45"
| /* end confdefs.h.  */
| #include <ac_nonexistent.h>
configure:6825: checking for ANSI C header files
configure:6845: gcc -c -g -O2  conftest.c >&5
configure:6845: $? = 0
configure:6918: gcc -o conftest -g -O2   conftest.c  >&5
configure:6918: $? = 0
configure:6918: ./conftest
configure:6918: $? = 0
configure:6929: result: yes
configure:6942: checking for sys/types.h
configure:6942: gcc -c -g -O2  conftest.c >&5
configure:6942: $? = 0
configure:6942: result: yes
configure:6942: checking for sys/stat.h
configure:6942: gcc -c -g -O2  conftest.c >&5
configure:6942: $? = 0
configure:6942: result: yes
configure:6942: checking for stdlib.h
configure:6942: gcc -c -g -O2  conftest.c >&5
configure:6942: $? = 0
configure:6942: result: yes
configure:6942: checking for string.h
configure:6942: gcc -c -g -O2  conftest.c >&5
configure:6942: $? = 0
configure:6942: result: yes
configure:6942: checking for memory.h
configure:6942: gcc -c -g -O2  conftest.c >&5
configure:6942: $? = 0
configure:6942: result: yes
configure:6942: checking for strings.h
configure:6942: gcc -c -g -O2  conftest.c >&5
configure:6942: $? = 0
configure:6942: result: yes
configure:6942: checking for inttypes.h
configure:6942: gcc -c -g -O2  conftest.c >&5
configure:6942: $? = 0
configure:6942: result: yes
configure:6942: checking for stdint.h
configure:6942: gcc -c -g -O2  conftest.c >&5
configure:6942: $? = 0
configure:6942: result: yes
configure:6942: checking for unistd.h
configure:6942: gcc -c -g -O2  conftest.c >&5
configure:6942: $? = 0
configure:6942: result: yes
configure:6957: checking for dlfcn.h
configure:6957: gcc -c -g -O2  conftest.c >&5
configure:6957: $? = 0
configure:6957: result: yes
configure:7144: checking for objdir
configure:7159: result: .libs
configure:7430: checking if gcc supports -fno-rtti -fno-exceptions
configure:7448: gcc -c -g -O2  -fno-rtti -fno-exceptions conftest.c >&5
cc1: warning: command line option '-fno-rtti' is valid for C++/ObjC++ but not for C
configure:7452: $? = 0
configure:7465: result: no
configure:7485: checking for gcc option to produce PIC
configure:7770: result: -fPIC -DPIC
configure:7782: checking if gcc PIC flag -fPIC -DPIC works
configure:7800: gcc -c -g -O2  -fPIC -DPIC -DPIC conftest.c >&5
configure:7804: $? = 0
configure:7817: result: yes
configure:7841: checking if gcc static flag -static works
configure:7869: result: yes
configure:7884: checking if gcc supports -c -o file.o
configure:7905: gcc -c -g -O2  -o out/conftest2.o conftest.c >&5
configure:7909: $? = 0
configure:7931: result: yes
configure:7939: checking if gcc supports -c -o file.o
configure:7986: result: yes
configure:8019: checking whether the gcc linker (/usr/bin/ld -m elf_x86_64) supports shared libraries
configure:9095: result: yes
configure:9132: checking whether -lc should be explicitly linked in
configure:9140: gcc -c -g -O2  conftest.c >&5
configure:9143: $? = 0
configure:9158: gcc -shared conftest.o  -v -Wl,-soname -Wl,conftest -o conftest 2\>\&1 \| /bin/grep  -lc  \>/dev/null 2\>\&1
configure:9161: $? = 0
configure:9175: result: no
configure:9340: checking dynamic linker characteristics
configure:9795: gcc -o conftest -g -O2   -Wl,-rpath -Wl,/foo conftest.c  >&5
configure:9795: $? = 0
configure:10017: result: GNU/Linux ld.so
configure:10124: checking how to hardcode library paths into programs
configure:10149: result: immediate
configure:10689: checking whether stripping libraries is possible
configure:10694: result: yes
configure:10729: checking if libtool supports shared libraries
configure:10731: result: yes
configure:10734: checking whether to build shared libraries
configure:10755: result: yes
configure:10758: checking whether to build static libraries
configure:10762: result: yes
configure:10798: checking for exp in -lm
configure:10823: gcc -o conftest -g -O2   conftest.c -lm   >&5
conftest.c:30:6: warning: conflicting types for built-in function 'exp' [-Wbuiltin-declaration-mismatch]
 char exp ();
      ^~~
configure:10823: $? = 0
configure:10832: result: yes
configure:10844: checking sys/time.h usability
configure:10844: gcc -c -g -O2  conftest.c >&5
configure:10844: $? = 0
configure:10844: result: yes
configure:10844: checking sys/time.h presence
configure:10844: gcc -E  conftest.c
configure:10844: $? = 0
configure:10844: result: yes
configure:10844: checking for sys/time.h
configure:10844: result: yes
configure:10853: checking for gettimeofday
configure:10853: gcc -o conftest -g -O2   conftest.c -lm  >&5
configure:10853: $? = 0
configure:10853: result: yes
configure:10861: checking whether to use GNU MP bignum library
configure:10864: result: yes
configure:10875: checking whether to use zlib data compression library
configure:10885: result: no
configure:10889: checking whether to enable shared library support
configure:10912: result: no
configure:10929: checking whether to enable MathProg ODBC support
configure:10954: result: no
configure:10958: checking whether to enable MathProg MySQL support
configure:10973: result: no
configure:11097: creating ./config.status

## ---------------------- ##
## Running config.status. ##
## ---------------------- ##

This file was extended by GLPK config.status 4.45, which was
generated by GNU Autoconf 2.65.  Invocation command line was

  CONFIG_FILES    = 
  CONFIG_HEADERS  = 
  CONFIG_LINKS    = 
  CONFIG_COMMANDS = 
  $ ./config.status 

on amphitryon

config.status:1077: creating include/Makefile
config.status:1077: creating src/Makefile
config.status:1077: creating examples/Makefile
config.status:1077: creating Makefile
config.status:1077: creating config.h
config.status:1297: executing depfiles commands
config.status:1297: executing libtool commands

## ---------------- ##
## Cache variables. ##
## ---------------- ##

ac_cv_build=x86_64-unknown-linux-gnu
ac_cv_c_compiler_gnu=yes
ac_cv_env_CC_set=
ac_cv_env_CC_value=
ac_cv_env_CFLAGS_set=
ac_cv_env_CFLAGS_value=
ac_cv_env_CPPFLAGS_set=
ac_cv_env_CPPFLAGS_value=
ac_cv_env_CPP_set=
ac_cv_env_CPP_value=
ac_cv_env_LDFLAGS_set=
ac_cv_env_LDFLAGS_value=
ac_cv_env_LIBS_set=
ac_cv_env_LIBS_value=
ac_cv_env_build_alias_set=
ac_cv_env_build_alias_value=
ac_cv_env_host_alias_set=
ac_cv_env_host_alias_value=
ac_cv_env_target_alias_set=
ac_cv_env_target_alias_value=
ac_cv_func_gettimeofday=yes
ac_cv_header_dlfcn_h=yes
ac_cv_header_inttypes_h=yes
ac_cv_header_memory_h=yes
ac_cv_header_stdc=yes
ac_cv_header_stdint_h=yes
ac_cv_header_stdlib_h=yes
ac_cv_header_string_h=yes
ac_cv_header_strings_h=yes
ac_cv_header_sys_stat_h=yes
ac_cv_header_sys_time_h=yes
ac_cv_header_sys_types_h=yes
ac_cv_header_unistd_h=yes
ac_cv_host=x86_64-unknown-linux-gnu
ac_cv_lib_m_exp=yes
ac_cv_objext=o
ac_cv_path_EGREP='/bin/grep -E'
ac_cv_path_FGREP='/bin/grep -F'
ac_cv_path_GREP=/bin/grep
ac_cv_path_SED=/bin/sed
ac_cv_path_install='/usr/bin/install -c'
ac_cv_path_mkdir=/bin/mkdir
ac_cv_prog_AWK=gawk
ac_cv_prog_CPP='gcc -E'
ac_cv_prog_ac_ct_AR=ar
ac_cv_prog_ac_ct_CC=gcc
ac_cv_prog_ac_ct_OBJDUMP=objdump
ac_cv_prog_ac_ct_RANLIB=ranlib
ac_cv_prog_ac_ct_STRIP=strip
ac_cv_prog_cc_c89=
ac_cv_prog_cc_g=yes
ac_cv_prog_make_make_set=yes
am_cv_CC_dependencies_compiler_type=gcc3
lt_cv_archive_cmds_need_lc=no
lt_cv_deplibs_check_method=pass_all
lt_cv_file_magic_cmd='$MAGIC_CMD'
lt_cv_file_magic_test_file=
lt_cv_ld_reload_flag=-r
lt_cv_nm_interface='BSD nm'
lt_cv_objdir=.libs
lt_cv_path_LD=/usr/bin/ld
lt_cv_path_NM='/usr/bin/nm -B'
lt_cv_prog_compiler_c_o=yes
lt_cv_prog_compiler_pic_works=yes
lt_cv_prog_compiler_rtti_exceptions=no
lt_cv_prog_compiler_static_works=yes
lt_cv_prog_gnu_ld=yes
lt_cv_sharedlib_from_linklib_cmd='printf %s\n'
lt_cv_shlibpath_overrides_runpath=yes
lt_cv_sys_global_symbol_pipe='sed -n -e '\''s/^.*[	 ]\([ABCDGIRSTW][ABCDGIRSTW]*\)[	 ][	 ]*\([_A-Za-z][_A-Za-z0-9]*\)$/\1 \2 \2/p'\'''
lt_cv_sys_global_symbol_to_c_name_address='sed -n -e '\''s/^: \([^ ]*\)[ ]*$/  {\"\1\", (void *) 0},/p'\'' -e '\''s/^[ABCDGIRSTW]* \([^ ]*\) \([^ ]*\)$/  {"\2", (void *) \&\2},/p'\'''
lt_cv_sys_global_symbol_to_c_name_address_lib_prefix='sed -n -e '\''s/^: \([^ ]*\)[ ]*$/  {\"\1\", (void *) 0},/p'\'' -e '\''s/^[ABCDGIRSTW]* \([^ ]*\) \(lib[^ ]*\)$/  {"\2", (void *) \&\2},/p'\'' -e '\''s/^[ABCDGIRSTW]* \([^ ]*\) \([^ ]*\)$/  {"lib\2", (void *) \&\2},/p'\'''
lt_cv_sys_global_symbol_to_cdecl='sed -n -e '\''s/^T .* \(.*\)$/extern int \1();/p'\'' -e '\''s/^[ABCDGIRSTW]* .* \(.*\)$/extern char \1;/p'\'''
lt_cv_sys_max_cmd_len=1572864
lt_cv_to_host_path_cmd=func_noop_path_convert

## ----------------- ##
## Output variables. ##
## ----------------- ##

ACLOCAL='${SHELL} /home/stefan/hybridsystems/repositories/hypro/src/resources/glpk-4.45/missing --run aclocal-1.11'
AMDEPBACKSLASH='\'
AMDEP_FALSE='#'
AMDEP_TRUE=''
AMTAR='${SHELL} /home/stefan/hybridsystems/repositories/hypro/src/resources/glpk-4.45/missing --run tar'
AR='ar'
AUTOCONF='${SHELL} /home/stefan/hybridsystems/repositories/hypro/src/resources/glpk-4.45/missing --run autoconf'
AUTOHEADER='${SHELL} /home/stefan/hybridsystems/repositories/hypro/src/resources/glpk-4.45/missing --run autoheader'
AUTOMAKE='${SHELL} /home/stefan/hybridsystems/repositories/hypro/src/resources/glpk-4.45/missing --run automake-1.11'
AWK='gawk'
CC='gcc'
CCDEPMODE='depmode=gcc3'
CFLAGS='-g -O2'
CPP='gcc -E'
CPPFLAGS=''
CYGPATH_W='echo'
DEFS='-DHAVE_CONFIG_H'
DEPDIR='.deps'
DLLTOOL='false'
DSYMUTIL=''
DUMPBIN=''
ECHO_C=''
ECHO_N='-n'
ECHO_T=''
EGREP='/bin/grep -E'
EXEEXT=''
FGREP='/bin/grep -F'
GREP='/bin/grep'
INSTALL_DATA='${INSTALL} -m 644'
INSTALL_PROGRAM='${INSTALL}'
INSTALL_SCRIPT='${INSTALL}'
INSTALL_STRIP_PROGRAM='$(install_sh) -c -s'
LD='/usr/bin/ld -m elf_x86_64'
LDFLAGS=''
LIBOBJS=''
LIBS='-lgmp -lm '
LIBTOOL='$(SHELL) $(top_builddir)/libtool'
LIPO=''
LN_S='ln -s'
LTLIBOBJS=''
MAKEINFO='${SHELL} /home/stefan/hybridsystems/repositories/hypro/src/resources/glpk-4.45/missing --run makeinfo'
MKDIR_P='/bin/mkdir -p'
NM='/usr/bin/nm -B'
NMEDIT=''
OBJDUMP='objdump'
OBJEXT='o'
OTOOL64=''
OTOOL=''
PACKAGE='glpk'
PACKAGE_BUGREPORT='bug-glpk@gnu.org'
PACKAGE_NAME='GLPK'
PACKAGE_STRING='GLPK 4.45'
PACKAGE_TARNAME='glpk'
PACKAGE_URL=''
PACKAGE_VERSION='4.45'
PATH_SEPARATOR=':'
RANLIB='ranlib'
SED='/bin/sed'
SET_MAKE=''
SHELL='/bin/bash'
STRIP='strip'
VERSION='4.45'
ac_ct_CC='gcc'
ac_ct_DUMPBIN=''
am__EXEEXT_FALSE=''
am__EXEEXT_TRUE='#'
am__fastdepCC_FALSE='#'
am__fastdepCC_TRUE=''
am__include='include'
am__isrc=''
am__leading_dot='.'
am__quote=''
am__tar='${AMTAR} chof - "$$tardir"'
am__untar='${AMTAR} xf -'
bindir='${exec_prefix}/bin'
build='x86_64-unknown-linux-gnu'
build_alias=''
build_cpu='x86_64'
build_os='linux-gnu'
build_vendor='unknown'
datadir='${datarootdir}'
datarootdir='${prefix}/share'
docdir='${datarootdir}/doc/${PACKAGE_TARNAME}'
dvidir='${docdir}'
exec_prefix='${prefix}'
host='x86_64-unknown-linux-gnu'
host_alias=''
host_cpu='x86_64'
host_os='linux-gnu'
host_vendor='unknown'
htmldir='${docdir}'
includedir='${prefix}/include'
infodir='${datarootdir}/info'
install_sh='${SHELL} /home/stefan/hybridsystems/repositories/hypro/src/resources/glpk-4.45/install-sh'
libdir='${exec_prefix}/lib'
libexecdir='${exec_prefix}/libexec'
localedir='${datarootdir}/locale'
localstatedir='${prefix}/var'
mandir='${datarootdir}/man'
mkdir_p='/bin/mkdir -p'
oldincludedir='/usr/include'
pdfdir='${docdir}'
prefix='/home/stefan/hybridsystems/repositories/hypro/build/resources/glpk-4.45'
program_transform_name='s,x,x,'
psdir='${docdir}'
sbindir='${exec_prefix}/sbin'
sharedstatedir='${prefix}/com'
sysconfdir='${prefix}/etc'
target_alias=''
to_host_path_cmd='func_noop_path_convert'

## ----------- ##
## confdefs.h. ##
## ----------- ##

/* confdefs.h */
#define PACKAGE_NAME "GLPK"
#define PACKAGE_TARNAME "glpk"
#define PACKAGE_VERSION "4.45"
#define PACKAGE_STRING "GLPK 4.45"
#define PACKAGE_BUGREPORT "bug-glpk@gnu.org"
#define PACKAGE_URL ""
#define PACKAGE "glpk"
#define VERSION "4.45"
#define STDC_HEADERS 1
#define HAVE_SYS_TYPES_H 1
#define HAVE_SYS_STAT_H 1
#define HAVE_STDLIB_H 1
#define HAVE_STRING_H 1
#define HAVE_MEMORY_H 1
#define HAVE_STRINGS_H 1
#define HAVE_INTTYPES_H 1
#define HAVE_STDINT_H 1
#define HAVE_UNISTD_H 1
#define HAVE_DLFCN_H 1
#define LT_OBJDIR ".libs/"
#define HAVE_LIBM 1
#define HAVE_SYS_TIME_H 1
#define HAVE_GETTIMEOFDAY 1
#define HAVE_GMP 1

configure: exit 0
